Performing system checks...

System check identified no issues (0 silenced).
June 22, 2023 - 16:27:23
Django version 4.2.2, using settings 'tcioe.settings'
Starting development server at http://127.0.0.1:8000/
Quit the server with CONTROL-C.

Performing system checks...

System check identified no issues (0 silenced).
June 22, 2023 - 16:28:01
Django version 4.2.2, using settings 'tcioe.settings'
Starting development server at http://0.0.0.0:8000/
Quit the server with CONTROL-C.

[22/Jun/2023 16:28:03] "GET / HTTP/1.1" 302 0
[22/Jun/2023 16:28:03] "GET /api/ HTTP/1.1" 200 5583
[22/Jun/2023 16:28:03] "GET /static/rest_framework/css/bootstrap.min.f17d4516b026.css HTTP/1.1" 200 19657
[22/Jun/2023 16:28:03] "GET /static/rest_framework/css/prettify.a987f72342ee.css HTTP/1.1" 200 390
[22/Jun/2023 16:28:03] "GET /static/rest_framework/css/default.789dfb5732d7.css HTTP/1.1" 200 612
[22/Jun/2023 16:28:03] "GET /static/rest_framework/css/bootstrap-tweaks.46ed116b0edd.css HTTP/1.1" 200 1268
[22/Jun/2023 16:28:03] "GET /static/rest_framework/js/csrf.969930007329.js HTTP/1.1" 200 787
[22/Jun/2023 16:28:03] "GET /static/rest_framework/js/ajax-form.0ea6e6052ab5.js HTTP/1.1" 200 1540
[22/Jun/2023 16:28:03] "GET /static/rest_framework/js/jquery-3.5.1.min.dc5e7f18c8d3.js HTTP/1.1" 200 30879
[22/Jun/2023 16:28:04] "GET /static/rest_framework/js/prettify-min.709bfcc456c6.js HTTP/1.1" 200 6025
[22/Jun/2023 16:28:04] "GET /static/rest_framework/js/bootstrap.min.2f34b630ffe3.js HTTP/1.1" 200 10896
[22/Jun/2023 16:28:04] "GET /static/rest_framework/js/default.5b08897dbdc3.js HTTP/1.1" 200 571
[22/Jun/2023 16:28:04] "GET /static/rest_framework/img/grid.a4b938cf382b.png HTTP/1.1" 200 1458
[22/Jun/2023 16:28:04] "GET /favicon.ico HTTP/1.1" 404 179
[22/Jun/2023 16:28:08] "GET /admin/ HTTP/1.1" 302 0
[22/Jun/2023 16:28:08] "GET /admin/login/?next=/admin/ HTTP/1.1" 200 4272
[22/Jun/2023 16:28:08] "GET /static/admin/css/base.64976e0f7339.css HTTP/1.1" 200 4847
[22/Jun/2023 16:28:08] "GET /static/admin/css/dark_mode.ef27a31af300.css HTTP/1.1" 200 849
[22/Jun/2023 16:28:08] "GET /static/admin/js/theme.ab270f56bb9c.js HTTP/1.1" 200 605
[22/Jun/2023 16:28:08] "GET /static/admin/css/nav_sidebar.269a1bd44627.css HTTP/1.1" 200 779
[22/Jun/2023 16:28:08] "GET /static/admin/js/nav_sidebar.3b9190d420b1.js HTTP/1.1" 200 845
[22/Jun/2023 16:28:08] "GET /static/admin/css/login.586129c60a93.css HTTP/1.1" 200 417
[22/Jun/2023 16:28:08] "GET /static/admin/css/responsive.107cd2690311.css HTTP/1.1" 200 3432
[22/Jun/2023 16:28:11] "POST /admin/login/?next=/admin/ HTTP/1.1" 302 0
[22/Jun/2023 16:28:11] "GET /admin/ HTTP/1.1" 200 9432
[22/Jun/2023 16:28:11] "GET /static/admin/css/dashboard.e90f2068217b.css HTTP/1.1" 200 267
[22/Jun/2023 16:28:12] "GET /static/admin/img/icon-addlink.d519b3bab011.svg HTTP/1.1" 200 206
[22/Jun/2023 16:28:12] "GET /static/admin/img/icon-changelink.18d2fd706348.svg HTTP/1.1" 200 269
[22/Jun/2023 16:28:15] "GET /admin/department/department/ HTTP/1.1" 200 10029
[22/Jun/2023 16:28:15] "GET /static/admin/js/vendor/jquery/jquery.min.641dd1437010.js HTTP/1.1" 200 31011
[22/Jun/2023 16:28:15] "GET /static/admin/js/jquery.init.b7781a0897fc.js HTTP/1.1" 200 236
[22/Jun/2023 16:28:15] "GET /static/admin/js/admin/RelatedObjectLookups.8609f99b9ab2.js HTTP/1.1" 200 2301
[22/Jun/2023 16:28:15] "GET /static/admin/css/changelists.f4631a29abad.css HTTP/1.1" 200 1563
[22/Jun/2023 16:28:15] "GET /static/admin/js/core.cf103cd04ebf.js HTTP/1.1" 200 1505
[22/Jun/2023 16:28:15] "GET /admin/jsi18n/ HTTP/1.1" 200 3343
[22/Jun/2023 16:28:15] "GET /static/admin/js/actions.eac7e3441574.js HTTP/1.1" 200 1874
[22/Jun/2023 16:28:15] "GET /static/admin/js/urlify.ae970a820212.js HTTP/1.1" 200 2578
[22/Jun/2023 16:28:15] "GET /static/admin/js/filters.0e360b7a9f80.js HTTP/1.1" 200 502
[22/Jun/2023 16:28:15] "GET /static/admin/js/vendor/xregexp/xregexp.min.b0439563a5d3.js HTTP/1.1" 200 37609
[22/Jun/2023 16:28:15] "GET /static/admin/js/prepopulate.bd2361dfd64d.js HTTP/1.1" 200 536
[22/Jun/2023 16:28:16] "GET /static/admin/img/tooltag-add.e59d620a9742.svg HTTP/1.1" 200 203
[22/Jun/2023 16:31:53] "GET /admin/ HTTP/1.1" 302 0
[22/Jun/2023 16:31:53] "GET /admin/login/?next=/admin/ HTTP/1.1" 200 4272
[22/Jun/2023 16:31:53] "GET /static/admin/css/base.64976e0f7339.css HTTP/1.1" 200 4847
[22/Jun/2023 16:31:53] "GET /static/admin/css/dark_mode.ef27a31af300.css HTTP/1.1" 200 849
[22/Jun/2023 16:31:53] "GET /static/admin/js/theme.ab270f56bb9c.js HTTP/1.1" 200 605
[22/Jun/2023 16:31:53] "GET /static/admin/css/nav_sidebar.269a1bd44627.css HTTP/1.1" 200 779
[22/Jun/2023 16:31:53] "GET /static/admin/js/nav_sidebar.3b9190d420b1.js HTTP/1.1" 200 845
[22/Jun/2023 16:31:53] "GET /static/admin/css/login.586129c60a93.css HTTP/1.1" 200 417
[22/Jun/2023 16:31:54] "GET /static/admin/css/responsive.107cd2690311.css HTTP/1.1" 200 3432
[22/Jun/2023 16:31:56] "POST /admin/login/?next=/admin/ HTTP/1.1" 302 0
[22/Jun/2023 16:31:57] "GET /admin/ HTTP/1.1" 200 9432
[22/Jun/2023 16:31:57] "GET /static/admin/css/dashboard.e90f2068217b.css HTTP/1.1" 200 267
[22/Jun/2023 16:31:57] "GET /static/admin/img/icon-addlink.d519b3bab011.svg HTTP/1.1" 200 206
[22/Jun/2023 16:31:57] "GET /static/admin/img/icon-changelink.18d2fd706348.svg HTTP/1.1" 200 269
[22/Jun/2023 16:32:03] "GET /admin/notice/notice/add/ HTTP/1.1" 200 17354
[22/Jun/2023 16:32:03] "GET /static/admin/js/jquery.init.b7781a0897fc.js HTTP/1.1" 200 236
[22/Jun/2023 16:32:03] "GET /static/admin/js/core.cf103cd04ebf.js HTTP/1.1" 200 1505
[22/Jun/2023 16:32:03] "GET /static/admin/css/forms.671bb36e43e3.css HTTP/1.1" 200 2227
[22/Jun/2023 16:32:03] "GET /static/admin/js/admin/RelatedObjectLookups.8609f99b9ab2.js HTTP/1.1" 200 2301
[22/Jun/2023 16:32:03] "GET /static/admin/js/vendor/jquery/jquery.min.641dd1437010.js HTTP/1.1" 200 31011
[22/Jun/2023 16:32:03] "GET /static/admin/js/actions.eac7e3441574.js HTTP/1.1" 200 1874
[22/Jun/2023 16:32:03] "GET /static/admin/js/prepopulate.bd2361dfd64d.js HTTP/1.1" 200 536
[22/Jun/2023 16:32:03] "GET /static/admin/js/urlify.ae970a820212.js HTTP/1.1" 200 2578
[22/Jun/2023 16:32:03] "GET /admin/jsi18n/ HTTP/1.1" 200 3343
[22/Jun/2023 16:32:04] "GET /static/admin/js/change_form.9d8ca4f96b75.js HTTP/1.1" 200 322
[22/Jun/2023 16:32:04] "GET /static/admin/js/vendor/xregexp/xregexp.min.b0439563a5d3.js HTTP/1.1" 200 37609
[22/Jun/2023 16:32:04] "GET /static/admin/js/prepopulate_init.6cac7f3105b8.js HTTP/1.1" 200 277
[22/Jun/2023 16:32:04] "GET /static/admin/css/widgets.0a3765e806b3.css HTTP/1.1" 200 2561
[22/Jun/2023 16:32:04] "GET /static/admin/img/icon-viewlink.41eb31f7826e.svg HTTP/1.1" 200 346
[22/Jun/2023 16:32:39] "GET /admin/department/department/add/ HTTP/1.1" 302 0
[22/Jun/2023 16:32:40] "GET /admin/login/?next=/admin/department/department/add/ HTTP/1.1" 200 4324
[22/Jun/2023 16:32:40] "GET /static/admin/css/base.64976e0f7339.css HTTP/1.1" 200 4847
[22/Jun/2023 16:32:40] "GET /static/admin/css/dark_mode.ef27a31af300.css HTTP/1.1" 200 849
[22/Jun/2023 16:32:40] "GET /static/admin/css/nav_sidebar.269a1bd44627.css HTTP/1.1" 200 779
[22/Jun/2023 16:32:40] "GET /static/admin/css/login.586129c60a93.css HTTP/1.1" 200 417
[22/Jun/2023 16:32:40] "GET /static/admin/css/responsive.107cd2690311.css HTTP/1.1" 200 3432
[22/Jun/2023 16:32:40] "GET /static/admin/js/theme.ab270f56bb9c.js HTTP/1.1" 200 605
[22/Jun/2023 16:32:40] "GET /static/admin/js/nav_sidebar.3b9190d420b1.js HTTP/1.1" 200 845
[22/Jun/2023 16:32:40] "GET /favicon.ico HTTP/1.1" 404 179
[22/Jun/2023 16:32:47] "POST /admin/login/?next=/admin/department/department/add/ HTTP/1.1" 302 0
[22/Jun/2023 16:32:47] "GET /admin/department/department/add/ HTTP/1.1" 200 14696
[22/Jun/2023 16:32:48] "GET /static/admin/js/jquery.init.b7781a0897fc.js HTTP/1.1" 200 236
[22/Jun/2023 16:32:48] "GET /static/admin/css/forms.671bb36e43e3.css HTTP/1.1" 200 2227
[22/Jun/2023 16:32:48] "GET /static/admin/js/admin/RelatedObjectLookups.8609f99b9ab2.js HTTP/1.1" 200 2301
[22/Jun/2023 16:32:48] "GET /static/admin/js/core.cf103cd04ebf.js HTTP/1.1" 200 1505
[22/Jun/2023 16:32:48] "GET /static/admin/js/vendor/jquery/jquery.min.641dd1437010.js HTTP/1.1" 200 31011
[22/Jun/2023 16:32:48] "GET /static/admin/js/actions.eac7e3441574.js HTTP/1.1" 200 1874
[22/Jun/2023 16:32:48] "GET /static/admin/js/prepopulate.bd2361dfd64d.js HTTP/1.1" 200 536
[22/Jun/2023 16:32:48] "GET /static/admin/js/urlify.ae970a820212.js HTTP/1.1" 200 2578
[22/Jun/2023 16:32:48] "GET /static/admin/js/vendor/xregexp/xregexp.min.b0439563a5d3.js HTTP/1.1" 200 37609
[22/Jun/2023 16:32:48] "GET /static/admin/css/widgets.0a3765e806b3.css HTTP/1.1" 200 2561
[22/Jun/2023 16:32:48] "GET /admin/jsi18n/ HTTP/1.1" 200 3343
[22/Jun/2023 16:32:48] "GET /static/admin/js/prepopulate_init.6cac7f3105b8.js HTTP/1.1" 200 277
[22/Jun/2023 16:32:48] "GET /static/admin/img/icon-changelink.18d2fd706348.svg HTTP/1.1" 200 269
[22/Jun/2023 16:32:48] "GET /static/admin/img/icon-viewlink.41eb31f7826e.svg HTTP/1.1" 200 346
[22/Jun/2023 16:32:48] "GET /static/admin/js/change_form.9d8ca4f96b75.js HTTP/1.1" 200 322
[22/Jun/2023 16:32:48] "GET /static/admin/img/icon-addlink.d519b3bab011.svg HTTP/1.1" 200 206
[22/Jun/2023 16:32:50] "GET /admin/notice/notice/ HTTP/1.1" 200 9985
[22/Jun/2023 16:32:50] "GET /static/admin/css/changelists.f4631a29abad.css HTTP/1.1" 200 1563
[22/Jun/2023 16:32:50] "GET /static/admin/js/filters.0e360b7a9f80.js HTTP/1.1" 200 502
[22/Jun/2023 16:32:51] "GET /admin/jsi18n/ HTTP/1.1" 200 3343
[22/Jun/2023 16:32:51] "GET /static/admin/img/tooltag-add.e59d620a9742.svg HTTP/1.1" 200 203
[22/Jun/2023 16:32:55] "GET /admin/notice/noticetype/ HTTP/1.1" 200 10018
[22/Jun/2023 16:32:55] "GET /admin/jsi18n/ HTTP/1.1" 200 3343
[22/Jun/2023 16:32:56] "GET /admin/home/socialmedia/ HTTP/1.1" 200 10017
[22/Jun/2023 16:32:57] "GET /admin/jsi18n/ HTTP/1.1" 200 3343
[22/Jun/2023 16:32:58] "GET /admin/home/homepage/ HTTP/1.1" 200 9996
[22/Jun/2023 16:32:58] "GET /admin/jsi18n/ HTTP/1.1" 200 3343
[22/Jun/2023 16:32:59] "GET /admin/department/staffmember/ HTTP/1.1" 200 10041
[22/Jun/2023 16:33:00] "GET /admin/jsi18n/ HTTP/1.1" 200 3343
[22/Jun/2023 16:33:01] "GET /admin/department/designation/ HTTP/1.1" 200 10036
[22/Jun/2023 16:33:01] "GET /admin/jsi18n/ HTTP/1.1" 200 3343
[22/Jun/2023 16:33:02] "GET /admin/department/department/ HTTP/1.1" 200 10029
[22/Jun/2023 16:33:02] "GET /admin/jsi18n/ HTTP/1.1" 200 3343
[22/Jun/2023 16:33:03] "GET /admin/department/department/add/ HTTP/1.1" 200 14696
[22/Jun/2023 16:33:04] "GET /admin/jsi18n/ HTTP/1.1" 200 3343
[22/Jun/2023 16:33:06] "GET /admin/home/socialmedia/add/?_to_field=id&_popup=1 HTTP/1.1" 200 8897
[22/Jun/2023 16:33:06] "GET /admin/jsi18n/ HTTP/1.1" 200 3343
[22/Jun/2023 16:33:14] "GET /admin/department/designation/ HTTP/1.1" 200 10036
[22/Jun/2023 16:33:14] "GET /admin/jsi18n/ HTTP/1.1" 200 3343
[22/Jun/2023 16:33:16] "GET /admin/department/designation/add/ HTTP/1.1" 200 12738
[22/Jun/2023 16:33:16] "GET /static/admin/js/admin/DateTimeShortcuts.9f6e209cebca.js HTTP/1.1" 200 3645
[22/Jun/2023 16:33:16] "GET /static/admin/js/calendar.f8a5d055eb33.js HTTP/1.1" 200 2193
[22/Jun/2023 16:33:17] "GET /admin/jsi18n/ HTTP/1.1" 200 3343
[22/Jun/2023 16:33:17] "GET /static/admin/img/icon-calendar.ac7aea671bea.svg HTTP/1.1" 200 438
[22/Jun/2023 16:33:21] "GET / HTTP/1.1" 302 0
[22/Jun/2023 16:33:21] "GET /api/ HTTP/1.1" 200 5617
[22/Jun/2023 16:33:21] "GET /static/rest_framework/css/bootstrap.min.f17d4516b026.css HTTP/1.1" 200 19657
[22/Jun/2023 16:33:21] "GET /static/rest_framework/js/ajax-form.0ea6e6052ab5.js HTTP/1.1" 200 1540
[22/Jun/2023 16:33:21] "GET /static/rest_framework/css/bootstrap-tweaks.46ed116b0edd.css HTTP/1.1" 200 1268
[22/Jun/2023 16:33:21] "GET /static/rest_framework/css/default.789dfb5732d7.css HTTP/1.1" 200 612
[22/Jun/2023 16:33:21] "GET /static/rest_framework/css/prettify.a987f72342ee.css HTTP/1.1" 200 390
[22/Jun/2023 16:33:21] "GET /static/rest_framework/js/jquery-3.5.1.min.dc5e7f18c8d3.js HTTP/1.1" 200 30879
[22/Jun/2023 16:33:21] "GET /static/rest_framework/js/csrf.969930007329.js HTTP/1.1" 200 787
[22/Jun/2023 16:33:21] "GET /static/rest_framework/js/prettify-min.709bfcc456c6.js HTTP/1.1" 200 6025
[22/Jun/2023 16:33:21] "GET /static/rest_framework/js/bootstrap.min.2f34b630ffe3.js HTTP/1.1" 200 10896
[22/Jun/2023 16:33:21] "GET /static/rest_framework/js/default.5b08897dbdc3.js HTTP/1.1" 200 571
[22/Jun/2023 16:33:21] "GET /static/rest_framework/img/grid.a4b938cf382b.png HTTP/1.1" 200 1458
[22/Jun/2023 16:33:25] "GET /admin/department/department/add/ HTTP/1.1" 200 14696
[22/Jun/2023 16:33:25] "GET /admin/jsi18n/ HTTP/1.1" 200 3343
[22/Jun/2023 16:33:48] "GET /admin/notice/noticetype/add/?_to_field=id&_popup=1 HTTP/1.1" 200 4948
[22/Jun/2023 16:33:48] "GET /admin/jsi18n/ HTTP/1.1" 200 3343
[22/Jun/2023 16:33:51] "POST /admin/notice/noticetype/add/?_to_field=id&_popup=1 HTTP/1.1" 200 378
[22/Jun/2023 16:33:52] "GET /static/admin/js/popup_response.c6cc78ea5551.js HTTP/1.1" 200 270
[22/Jun/2023 16:33:54] "GET /admin/notice/noticetype/add/?_to_field=id&_popup=1 HTTP/1.1" 200 4948
[22/Jun/2023 16:33:54] "GET /admin/jsi18n/ HTTP/1.1" 200 3343
[22/Jun/2023 16:33:56] "POST /admin/notice/noticetype/add/?_to_field=id&_popup=1 HTTP/1.1" 200 382
[22/Jun/2023 16:33:58] "GET /admin/notice/noticetype/add/?_to_field=id&_popup=1 HTTP/1.1" 200 4948
[22/Jun/2023 16:33:58] "GET /admin/jsi18n/ HTTP/1.1" 200 3343
[22/Jun/2023 16:34:01] "POST /admin/notice/noticetype/add/?_to_field=id&_popup=1 HTTP/1.1" 200 377
[22/Jun/2023 16:34:02] "GET /admin/notice/noticetype/add/?_to_field=id&_popup=1 HTTP/1.1" 200 4948
[22/Jun/2023 16:34:03] "GET /admin/jsi18n/ HTTP/1.1" 200 3343
[22/Jun/2023 16:34:05] "POST /admin/notice/noticetype/add/?_to_field=id&_popup=1 HTTP/1.1" 200 375
[22/Jun/2023 16:34:07] "GET /admin/notice/noticetype/add/?_to_field=id&_popup=1 HTTP/1.1" 200 4948
[22/Jun/2023 16:34:07] "GET /admin/jsi18n/ HTTP/1.1" 200 3343
[22/Jun/2023 16:34:10] "POST /admin/notice/noticetype/add/?_to_field=id&_popup=1 HTTP/1.1" 200 372
[22/Jun/2023 16:34:13] "GET /admin/notice/noticetype/add/?_to_field=id&_popup=1 HTTP/1.1" 200 4948
[22/Jun/2023 16:34:13] "GET /admin/jsi18n/ HTTP/1.1" 200 3343
[22/Jun/2023 16:34:16] "POST /admin/notice/noticetype/add/?_to_field=id&_popup=1 HTTP/1.1" 200 373
[22/Jun/2023 16:34:25] "GET /admin/department/department/add/ HTTP/1.1" 200 14696
[22/Jun/2023 16:34:25] "GET /admin/jsi18n/ HTTP/1.1" 200 3343
[22/Jun/2023 16:35:07] "GET /admin/department/department/add/ HTTP/1.1" 200 14696
[22/Jun/2023 16:35:08] "GET /admin/jsi18n/ HTTP/1.1" 200 3343
[22/Jun/2023 16:35:10] "GET /admin/notice/notice/ HTTP/1.1" 200 9985
[22/Jun/2023 16:35:10] "GET /admin/jsi18n/ HTTP/1.1" 200 3343
[22/Jun/2023 16:35:17] "GET /admin/notice/notice/add/ HTTP/1.1" 200 17799
[22/Jun/2023 16:35:18] "GET /admin/jsi18n/ HTTP/1.1" 200 3343
[22/Jun/2023 16:35:23] "GET /admin/department/department/add/?_to_field=id&_popup=1 HTTP/1.1" 200 8513
[22/Jun/2023 16:35:24] "GET /admin/jsi18n/ HTTP/1.1" 200 3343
[22/Jun/2023 16:35:47] "GET /admin/department/department/add/?_to_field=id&_popup=1 HTTP/1.1" 200 8513
[22/Jun/2023 16:35:48] "GET /admin/jsi18n/ HTTP/1.1" 200 3343
[22/Jun/2023 16:35:56] "GET /admin/home/socialmedia/add/?_to_field=id&_popup=1 HTTP/1.1" 200 8897
[22/Jun/2023 16:35:56] "GET /admin/jsi18n/ HTTP/1.1" 200 3343
[22/Jun/2023 16:36:00] "POST /admin/home/socialmedia/add/?_to_field=id&_popup=1 HTTP/1.1" 200 380
[22/Jun/2023 16:36:01] "GET /static/admin/js/popup_response.c6cc78ea5551.js HTTP/1.1" 200 270
[22/Jun/2023 16:36:18] "GET /admin/department/department/add/?_to_field=id&_popup=1 HTTP/1.1" 200 8591
[22/Jun/2023 16:36:18] "GET /admin/jsi18n/ HTTP/1.1" 200 3343
[22/Jun/2023 16:36:56] "GET /admin/home/socialmedia/add/?_to_field=id&_popup=1 HTTP/1.1" 200 8897
[22/Jun/2023 16:36:57] "GET /admin/jsi18n/ HTTP/1.1" 200 3343
[22/Jun/2023 16:37:20] "POST /admin/home/socialmedia/add/?_to_field=id&_popup=1 HTTP/1.1" 200 10075
[22/Jun/2023 16:37:20] "GET /admin/jsi18n/ HTTP/1.1" 200 3343
[22/Jun/2023 16:37:37] "GET /admin/home/socialmedia/ HTTP/1.1" 200 11254
[22/Jun/2023 16:37:37] "GET /static/admin/css/changelists.f4631a29abad.css HTTP/1.1" 200 1563
[22/Jun/2023 16:37:37] "GET /static/admin/js/filters.0e360b7a9f80.js HTTP/1.1" 200 502
[22/Jun/2023 16:37:37] "GET /admin/jsi18n/ HTTP/1.1" 200 3343
[22/Jun/2023 16:37:38] "GET /static/admin/img/tooltag-add.e59d620a9742.svg HTTP/1.1" 200 203
[22/Jun/2023 16:37:39] "GET /admin/home/socialmedia/e1951641-eb83-470f-a900-d51f480171e5/change/ HTTP/1.1" 200 15355
[22/Jun/2023 16:37:39] "GET /admin/jsi18n/ HTTP/1.1" 200 3343
[22/Jun/2023 16:37:52] "POST /admin/home/socialmedia/e1951641-eb83-470f-a900-d51f480171e5/change/ HTTP/1.1" 302 0
[22/Jun/2023 16:37:53] "GET /admin/home/socialmedia/ HTTP/1.1" 200 11504
[22/Jun/2023 16:37:53] "GET /admin/jsi18n/ HTTP/1.1" 200 3343
[22/Jun/2023 16:37:53] "GET /static/admin/img/icon-yes.d2f9f035226a.svg HTTP/1.1" 200 266
[22/Jun/2023 16:37:54] "GET /admin/department/department/add/ HTTP/1.1" 200 14774
[22/Jun/2023 16:37:54] "GET /admin/jsi18n/ HTTP/1.1" 200 3343
[22/Jun/2023 16:38:27] "POST /admin/department/department/add/ HTTP/1.1" 500 145
[22/Jun/2023 16:38:30] "GET /admin/department/department/add/ HTTP/1.1" 200 14774
[22/Jun/2023 16:38:59] "GET /admin/notice/notice/ HTTP/1.1" 200 9985
[22/Jun/2023 16:38:59] "GET /admin/jsi18n/ HTTP/1.1" 200 3343
[22/Jun/2023 16:39:20] "GET /admin/department/department/ HTTP/1.1" 200 10029
[22/Jun/2023 16:39:21] "GET /admin/jsi18n/ HTTP/1.1" 200 3343
Performing system checks...

System check identified no issues (0 silenced).
June 22, 2023 - 16:39:33
Django version 4.2.2, using settings 'tcioe.settings'
Starting development server at http://0.0.0.0:8000/
Quit the server with CONTROL-C.

[22/Jun/2023 16:39:38] "GET /admin/department/department/ HTTP/1.1" 200 10029
[22/Jun/2023 16:39:38] "GET /admin/jsi18n/ HTTP/1.1" 200 3343
[22/Jun/2023 16:39:47] "GET /admin/notice/notice/add/ HTTP/1.1" 200 17799
[22/Jun/2023 16:39:48] "GET /admin/jsi18n/ HTTP/1.1" 200 3343
Performing system checks...

System check identified no issues (0 silenced).
June 22, 2023 - 16:40:44
Django version 4.2.2, using settings 'tcioe.settings'
Starting development server at http://0.0.0.0:8000/
Quit the server with CONTROL-C.

Performing system checks...

System check identified no issues (0 silenced).
June 22, 2023 - 16:41:11
Django version 4.2.2, using settings 'tcioe.settings'
Starting development server at http://0.0.0.0:8000/
Quit the server with CONTROL-C.

[22/Jun/2023 16:41:16] "GET /admin/notice/notice/add/ HTTP/1.1" 200 17773
[22/Jun/2023 16:41:17] "GET /admin/jsi18n/ HTTP/1.1" 200 3343
[22/Jun/2023 16:41:32] "GET /admin/department/department/ HTTP/1.1" 200 10029
[22/Jun/2023 16:41:33] "GET /admin/jsi18n/ HTTP/1.1" 200 3343
[22/Jun/2023 16:41:36] "GET /admin/notice/noticetype/ HTTP/1.1" 200 12662
[22/Jun/2023 16:41:37] "GET /admin/jsi18n/ HTTP/1.1" 200 3343
[22/Jun/2023 16:41:39] "GET /admin/notice/notice/add/ HTTP/1.1" 200 17773
[22/Jun/2023 16:41:40] "GET /admin/jsi18n/ HTTP/1.1" 200 3343
[22/Jun/2023 16:41:40] "GET /admin/notice/notice/ HTTP/1.1" 200 9985
[22/Jun/2023 16:41:40] "GET /admin/notice/notice/add/ HTTP/1.1" 200 17773
[22/Jun/2023 16:41:40] "GET /admin/jsi18n/ HTTP/1.1" 200 3343
[22/Jun/2023 16:41:40] "GET /admin/jsi18n/ HTTP/1.1" 200 3343
[22/Jun/2023 16:41:41] "GET /admin/notice/notice/add/ HTTP/1.1" 200 17773
[22/Jun/2023 16:41:41,079] - Broken pipe from ('10.10.100.1', 48760)
[22/Jun/2023 16:41:41] "GET /admin/notice/notice/add/ HTTP/1.1" 200 17773
[22/Jun/2023 16:41:41] "GET /admin/jsi18n/ HTTP/1.1" 200 3343
[22/Jun/2023 16:41:41] "GET /admin/notice/notice/add/ HTTP/1.1" 200 17773
[22/Jun/2023 16:41:41] "GET /admin/notice/notice/add/ HTTP/1.1" 200 17773
[22/Jun/2023 16:41:42] "GET /admin/jsi18n/ HTTP/1.1" 200 3343
[22/Jun/2023 16:41:42] "GET /admin/notice/notice/add/ HTTP/1.1" 200 17773
[22/Jun/2023 16:41:42] "GET /admin/jsi18n/ HTTP/1.1" 200 3343
[22/Jun/2023 16:41:42] "GET /admin/notice/notice/add/ HTTP/1.1" 200 17773
[22/Jun/2023 16:41:43] "GET /admin/jsi18n/ HTTP/1.1" 200 3343
Performing system checks...

System check identified no issues (0 silenced).
June 22, 2023 - 16:42:26
Django version 4.2.2, using settings 'tcioe.settings'
Starting development server at http://0.0.0.0:8000/
Quit the server with CONTROL-C.

[22/Jun/2023 16:42:38] "GET /admin/notice/notice/ HTTP/1.1" 200 10308
[22/Jun/2023 16:42:38] "GET /admin/jsi18n/ HTTP/1.1" 200 3343
[22/Jun/2023 16:42:42] "GET /admin/notice/notice/add/ HTTP/1.1" 200 19050
[22/Jun/2023 16:42:42] "GET /admin/jsi18n/ HTTP/1.1" 200 3343
[22/Jun/2023 16:42:58] "GET /admin/notice/notice/add/ HTTP/1.1" 200 19050
[22/Jun/2023 16:42:59] "GET /admin/jsi18n/ HTTP/1.1" 200 3343
[22/Jun/2023 16:43:01] "GET /admin/notice/noticecategory/add/?_to_field=id&_popup=1 HTTP/1.1" 200 6838
[22/Jun/2023 16:43:02] "GET /admin/jsi18n/ HTTP/1.1" 200 3343
[22/Jun/2023 16:43:19] "GET /admin/notice/noticecategory/add/?_to_field=id&_popup=1 HTTP/1.1" 200 6838
[22/Jun/2023 16:43:20] "GET /admin/jsi18n/ HTTP/1.1" 200 3343
[22/Jun/2023 16:43:31] "POST /admin/notice/noticecategory/add/?_to_field=id&_popup=1 HTTP/1.1" 200 379
[22/Jun/2023 16:43:40] "GET /admin/notice/noticetype/add/?_to_field=id&_popup=1 HTTP/1.1" 200 4948
[22/Jun/2023 16:43:40] "GET /admin/jsi18n/ HTTP/1.1" 200 3343
[22/Jun/2023 16:44:14] "GET /admin/notice/notice/add/ HTTP/1.1" 200 19127
[22/Jun/2023 16:44:14] "GET /admin/jsi18n/ HTTP/1.1" 200 3343
[22/Jun/2023 16:44:17] "GET /admin/notice/notice/ HTTP/1.1" 200 10308
[22/Jun/2023 16:44:17] "GET /admin/jsi18n/ HTTP/1.1" 200 3343
[22/Jun/2023 16:44:24] "GET /admin/notice/notice/add/ HTTP/1.1" 200 19127
[22/Jun/2023 16:44:25] "GET /admin/jsi18n/ HTTP/1.1" 200 3343
Performing system checks...

System check identified no issues (0 silenced).
June 22, 2023 - 16:47:31
Django version 4.2.2, using settings 'tcioe.settings'
Starting development server at http://0.0.0.0:8000/
Quit the server with CONTROL-C.

[22/Jun/2023 16:47:42] "POST /admin/notice/notice/add/ HTTP/1.1" 500 145
[22/Jun/2023 16:47:46] "GET /admin/notice/notice/add/ HTTP/1.1" 200 19127
[22/Jun/2023 16:47:47] "GET /admin/jsi18n/ HTTP/1.1" 200 3343
[22/Jun/2023 16:47:47] "GET /static/admin/js/change_form.9d8ca4f96b75.js HTTP/1.1" 200 322
[22/Jun/2023 16:47:48] "GET /admin/notice/notice/add/ HTTP/1.1" 200 19127
[22/Jun/2023 16:49:20] "POST /admin/notice/notice/add/ HTTP/1.1" 500 145
[22/Jun/2023 16:49:22] "GET /admin/notice/notice/add/ HTTP/1.1" 200 19127
Watching for file changes with StatReloader
Performing system checks...

System check identified no issues (0 silenced).

You have 27 unapplied migration(s). Your project may not work properly until you apply the migrations for app(s): admin, auth, contenttypes, department, home, notice, sessions.
Run 'python manage.py migrate' to apply them.
June 22, 2023 - 16:49:43
Django version 4.2.2, using settings 'tcioe.settings'
Starting development server at http://0.0.0.0:8000/
Quit the server with CONTROL-C.

Internal Server Error: /admin/notice/notice/
Traceback (most recent call last):
  File "/home/tcioe/.local/lib/python3.10/site-packages/django/contrib/sessions/backends/base.py", line 187, in _get_session
    return self._session_cache
AttributeError: 'SessionStore' object has no attribute '_session_cache'

During handling of the above exception, another exception occurred:

Traceback (most recent call last):
  File "/home/tcioe/.local/lib/python3.10/site-packages/django/db/backends/utils.py", line 89, in _execute
    return self.cursor.execute(sql, params)
  File "/home/tcioe/.local/lib/python3.10/site-packages/django/db/backends/sqlite3/base.py", line 328, in execute
    return super().execute(query, params)
sqlite3.OperationalError: no such table: django_session

The above exception was the direct cause of the following exception:

Traceback (most recent call last):
  File "/home/tcioe/.local/lib/python3.10/site-packages/django/core/handlers/exception.py", line 55, in inner
    response = get_response(request)
  File "/home/tcioe/.local/lib/python3.10/site-packages/django/core/handlers/base.py", line 197, in _get_response
    response = wrapped_callback(request, *callback_args, **callback_kwargs)
  File "/home/tcioe/.local/lib/python3.10/site-packages/django/contrib/admin/options.py", line 688, in wrapper
    return self.admin_site.admin_view(view)(*args, **kwargs)
  File "/home/tcioe/.local/lib/python3.10/site-packages/django/utils/decorators.py", line 134, in _wrapper_view
    response = view_func(request, *args, **kwargs)
  File "/home/tcioe/.local/lib/python3.10/site-packages/django/views/decorators/cache.py", line 62, in _wrapper_view_func
    response = view_func(request, *args, **kwargs)
  File "/home/tcioe/.local/lib/python3.10/site-packages/django/contrib/admin/sites.py", line 230, in inner
    if not self.has_permission(request):
  File "/home/tcioe/.local/lib/python3.10/site-packages/django/contrib/admin/sites.py", line 203, in has_permission
    return request.user.is_active and request.user.is_staff
  File "/home/tcioe/.local/lib/python3.10/site-packages/django/utils/functional.py", line 266, in inner
    self._setup()
  File "/home/tcioe/.local/lib/python3.10/site-packages/django/utils/functional.py", line 419, in _setup
    self._wrapped = self._setupfunc()
  File "/home/tcioe/.local/lib/python3.10/site-packages/django/contrib/auth/middleware.py", line 25, in <lambda>
    request.user = SimpleLazyObject(lambda: get_user(request))
  File "/home/tcioe/.local/lib/python3.10/site-packages/django/contrib/auth/middleware.py", line 11, in get_user
    request._cached_user = auth.get_user(request)
  File "/home/tcioe/.local/lib/python3.10/site-packages/django/contrib/auth/__init__.py", line 191, in get_user
    user_id = _get_user_session_key(request)
  File "/home/tcioe/.local/lib/python3.10/site-packages/django/contrib/auth/__init__.py", line 60, in _get_user_session_key
    return get_user_model()._meta.pk.to_python(request.session[SESSION_KEY])
  File "/home/tcioe/.local/lib/python3.10/site-packages/django/contrib/sessions/backends/base.py", line 53, in __getitem__
    return self._session[key]
  File "/home/tcioe/.local/lib/python3.10/site-packages/django/contrib/sessions/backends/base.py", line 192, in _get_session
    self._session_cache = self.load()
  File "/home/tcioe/.local/lib/python3.10/site-packages/django/contrib/sessions/backends/db.py", line 42, in load
    s = self._get_session_from_db()
  File "/home/tcioe/.local/lib/python3.10/site-packages/django/contrib/sessions/backends/db.py", line 32, in _get_session_from_db
    return self.model.objects.get(
  File "/home/tcioe/.local/lib/python3.10/site-packages/django/db/models/manager.py", line 87, in manager_method
    return getattr(self.get_queryset(), name)(*args, **kwargs)
  File "/home/tcioe/.local/lib/python3.10/site-packages/django/db/models/query.py", line 633, in get
    num = len(clone)
  File "/home/tcioe/.local/lib/python3.10/site-packages/django/db/models/query.py", line 380, in __len__
    self._fetch_all()
  File "/home/tcioe/.local/lib/python3.10/site-packages/django/db/models/query.py", line 1881, in _fetch_all
    self._result_cache = list(self._iterable_class(self))
  File "/home/tcioe/.local/lib/python3.10/site-packages/django/db/models/query.py", line 91, in __iter__
    results = compiler.execute_sql(
  File "/home/tcioe/.local/lib/python3.10/site-packages/django/db/models/sql/compiler.py", line 1562, in execute_sql
    cursor.execute(sql, params)
  File "/home/tcioe/.local/lib/python3.10/site-packages/django/db/backends/utils.py", line 102, in execute
    return super().execute(sql, params)
  File "/home/tcioe/.local/lib/python3.10/site-packages/django/db/backends/utils.py", line 67, in execute
    return self._execute_with_wrappers(
  File "/home/tcioe/.local/lib/python3.10/site-packages/django/db/backends/utils.py", line 80, in _execute_with_wrappers
    return executor(sql, params, many, context)
  File "/home/tcioe/.local/lib/python3.10/site-packages/django/db/backends/utils.py", line 84, in _execute
    with self.db.wrap_database_errors:
  File "/home/tcioe/.local/lib/python3.10/site-packages/django/db/utils.py", line 91, in __exit__
    raise dj_exc_value.with_traceback(traceback) from exc_value
  File "/home/tcioe/.local/lib/python3.10/site-packages/django/db/backends/utils.py", line 89, in _execute
    return self.cursor.execute(sql, params)
  File "/home/tcioe/.local/lib/python3.10/site-packages/django/db/backends/sqlite3/base.py", line 328, in execute
    return super().execute(query, params)
django.db.utils.OperationalError: no such table: django_session
[22/Jun/2023 16:49:50] "GET /admin/notice/notice/ HTTP/1.1" 500 189297
[22/Jun/2023 16:50:04] "GET /admin/notice/notice/add/ HTTP/1.1" 302 0
Internal Server Error: /admin/login/
Traceback (most recent call last):
  File "/home/tcioe/.local/lib/python3.10/site-packages/django/core/files/storage/handler.py", line 35, in __getitem__
    return self._storages[alias]
KeyError: 'staticfiles'

During handling of the above exception, another exception occurred:

Traceback (most recent call last):
  File "/home/tcioe/.local/lib/python3.10/site-packages/django/core/handlers/exception.py", line 55, in inner
    response = get_response(request)
  File "/home/tcioe/.local/lib/python3.10/site-packages/django/core/handlers/base.py", line 220, in _get_response
    response = response.render()
  File "/home/tcioe/.local/lib/python3.10/site-packages/django/template/response.py", line 114, in render
    self.content = self.rendered_content
  File "/home/tcioe/.local/lib/python3.10/site-packages/django/template/response.py", line 92, in rendered_content
    return template.render(context, self._request)
  File "/home/tcioe/.local/lib/python3.10/site-packages/django/template/backends/django.py", line 61, in render
    return self.template.render(context)
  File "/home/tcioe/.local/lib/python3.10/site-packages/django/template/base.py", line 175, in render
    return self._render(context)
  File "/home/tcioe/.local/lib/python3.10/site-packages/django/template/base.py", line 167, in _render
    return self.nodelist.render(context)
  File "/home/tcioe/.local/lib/python3.10/site-packages/django/template/base.py", line 1005, in render
    return SafeString("".join([node.render_annotated(context) for node in self]))
  File "/home/tcioe/.local/lib/python3.10/site-packages/django/template/base.py", line 1005, in <listcomp>
    return SafeString("".join([node.render_annotated(context) for node in self]))
  File "/home/tcioe/.local/lib/python3.10/site-packages/django/template/base.py", line 966, in render_annotated
    return self.render(context)
  File "/home/tcioe/.local/lib/python3.10/site-packages/django/template/loader_tags.py", line 157, in render
    return compiled_parent._render(context)
  File "/home/tcioe/.local/lib/python3.10/site-packages/django/template/base.py", line 167, in _render
    return self.nodelist.render(context)
  File "/home/tcioe/.local/lib/python3.10/site-packages/django/template/base.py", line 1005, in render
    return SafeString("".join([node.render_annotated(context) for node in self]))
  File "/home/tcioe/.local/lib/python3.10/site-packages/django/template/base.py", line 1005, in <listcomp>
    return SafeString("".join([node.render_annotated(context) for node in self]))
  File "/home/tcioe/.local/lib/python3.10/site-packages/django/template/base.py", line 966, in render_annotated
    return self.render(context)
  File "/home/tcioe/.local/lib/python3.10/site-packages/django/template/loader_tags.py", line 157, in render
    return compiled_parent._render(context)
  File "/home/tcioe/.local/lib/python3.10/site-packages/django/template/base.py", line 167, in _render
    return self.nodelist.render(context)
  File "/home/tcioe/.local/lib/python3.10/site-packages/django/template/base.py", line 1005, in render
    return SafeString("".join([node.render_annotated(context) for node in self]))
  File "/home/tcioe/.local/lib/python3.10/site-packages/django/template/base.py", line 1005, in <listcomp>
    return SafeString("".join([node.render_annotated(context) for node in self]))
  File "/home/tcioe/.local/lib/python3.10/site-packages/django/template/base.py", line 966, in render_annotated
    return self.render(context)
  File "/home/tcioe/.local/lib/python3.10/site-packages/django/template/loader_tags.py", line 63, in render
    result = block.nodelist.render(context)
  File "/home/tcioe/.local/lib/python3.10/site-packages/django/template/base.py", line 1005, in render
    return SafeString("".join([node.render_annotated(context) for node in self]))
  File "/home/tcioe/.local/lib/python3.10/site-packages/django/template/base.py", line 1005, in <listcomp>
    return SafeString("".join([node.render_annotated(context) for node in self]))
  File "/home/tcioe/.local/lib/python3.10/site-packages/django/template/base.py", line 966, in render_annotated
    return self.render(context)
  File "/home/tcioe/.local/lib/python3.10/site-packages/django/templatetags/static.py", line 116, in render
    url = self.url(context)
  File "/home/tcioe/.local/lib/python3.10/site-packages/django/templatetags/static.py", line 113, in url
    return self.handle_simple(path)
  File "/home/tcioe/.local/lib/python3.10/site-packages/django/templatetags/static.py", line 129, in handle_simple
    return staticfiles_storage.url(path)
  File "/home/tcioe/.local/lib/python3.10/site-packages/django/utils/functional.py", line 266, in inner
    self._setup()
  File "/home/tcioe/.local/lib/python3.10/site-packages/django/contrib/staticfiles/storage.py", line 537, in _setup
    self._wrapped = storages[STATICFILES_STORAGE_ALIAS]
  File "/home/tcioe/.local/lib/python3.10/site-packages/django/core/files/storage/handler.py", line 43, in __getitem__
    storage = self.create_storage(params)
  File "/home/tcioe/.local/lib/python3.10/site-packages/django/core/files/storage/handler.py", line 55, in create_storage
    return storage_cls(**options)
  File "/home/tcioe/.local/lib/python3.10/site-packages/whitenoise/storage.py", line 64, in __init__
    super().__init__(*args, **kwargs)
  File "/home/tcioe/.local/lib/python3.10/site-packages/django/contrib/staticfiles/storage.py", line 460, in __init__
    self.hashed_files, self.manifest_hash = self.load_manifest()
  File "/home/tcioe/.local/lib/python3.10/site-packages/django/contrib/staticfiles/storage.py", line 470, in load_manifest
    content = self.read_manifest()
  File "/home/tcioe/.local/lib/python3.10/site-packages/django/contrib/staticfiles/storage.py", line 464, in read_manifest
    with self.manifest_storage.open(self.manifest_name) as manifest:
  File "/home/tcioe/.local/lib/python3.10/site-packages/django/core/files/storage/base.py", line 22, in open
    return self._open(name, mode)
  File "/home/tcioe/.local/lib/python3.10/site-packages/django/core/files/storage/filesystem.py", line 68, in _open
    return File(open(self.path(name), mode))
  File "/home/tcioe/.local/lib/python3.10/site-packages/django/contrib/staticfiles/storage.py", line 39, in path
    raise ImproperlyConfigured(
django.core.exceptions.ImproperlyConfigured: You're using the staticfiles app without having set the STATIC_ROOT setting to a filesystem path.
[22/Jun/2023 16:50:05] "GET /admin/login/?next=/admin/notice/notice/add/ HTTP/1.1" 500 258590
[22/Jun/2023 16:50:35] "POST /admin/notice/notice/add/ HTTP/1.1" 302 0
Internal Server Error: /admin/login/
Traceback (most recent call last):
  File "/home/tcioe/.local/lib/python3.10/site-packages/django/core/files/storage/handler.py", line 35, in __getitem__
    return self._storages[alias]
KeyError: 'staticfiles'

During handling of the above exception, another exception occurred:

Traceback (most recent call last):
  File "/home/tcioe/.local/lib/python3.10/site-packages/django/core/handlers/exception.py", line 55, in inner
    response = get_response(request)
  File "/home/tcioe/.local/lib/python3.10/site-packages/django/core/handlers/base.py", line 220, in _get_response
    response = response.render()
  File "/home/tcioe/.local/lib/python3.10/site-packages/django/template/response.py", line 114, in render
    self.content = self.rendered_content
  File "/home/tcioe/.local/lib/python3.10/site-packages/django/template/response.py", line 92, in rendered_content
    return template.render(context, self._request)
  File "/home/tcioe/.local/lib/python3.10/site-packages/django/template/backends/django.py", line 61, in render
    return self.template.render(context)
  File "/home/tcioe/.local/lib/python3.10/site-packages/django/template/base.py", line 175, in render
    return self._render(context)
  File "/home/tcioe/.local/lib/python3.10/site-packages/django/template/base.py", line 167, in _render
    return self.nodelist.render(context)
  File "/home/tcioe/.local/lib/python3.10/site-packages/django/template/base.py", line 1005, in render
    return SafeString("".join([node.render_annotated(context) for node in self]))
  File "/home/tcioe/.local/lib/python3.10/site-packages/django/template/base.py", line 1005, in <listcomp>
    return SafeString("".join([node.render_annotated(context) for node in self]))
  File "/home/tcioe/.local/lib/python3.10/site-packages/django/template/base.py", line 966, in render_annotated
    return self.render(context)
  File "/home/tcioe/.local/lib/python3.10/site-packages/django/template/loader_tags.py", line 157, in render
    return compiled_parent._render(context)
  File "/home/tcioe/.local/lib/python3.10/site-packages/django/template/base.py", line 167, in _render
    return self.nodelist.render(context)
  File "/home/tcioe/.local/lib/python3.10/site-packages/django/template/base.py", line 1005, in render
    return SafeString("".join([node.render_annotated(context) for node in self]))
  File "/home/tcioe/.local/lib/python3.10/site-packages/django/template/base.py", line 1005, in <listcomp>
    return SafeString("".join([node.render_annotated(context) for node in self]))
  File "/home/tcioe/.local/lib/python3.10/site-packages/django/template/base.py", line 966, in render_annotated
    return self.render(context)
  File "/home/tcioe/.local/lib/python3.10/site-packages/django/template/loader_tags.py", line 157, in render
    return compiled_parent._render(context)
  File "/home/tcioe/.local/lib/python3.10/site-packages/django/template/base.py", line 167, in _render
    return self.nodelist.render(context)
  File "/home/tcioe/.local/lib/python3.10/site-packages/django/template/base.py", line 1005, in render
    return SafeString("".join([node.render_annotated(context) for node in self]))
  File "/home/tcioe/.local/lib/python3.10/site-packages/django/template/base.py", line 1005, in <listcomp>
    return SafeString("".join([node.render_annotated(context) for node in self]))
  File "/home/tcioe/.local/lib/python3.10/site-packages/django/template/base.py", line 966, in render_annotated
    return self.render(context)
  File "/home/tcioe/.local/lib/python3.10/site-packages/django/template/loader_tags.py", line 63, in render
    result = block.nodelist.render(context)
  File "/home/tcioe/.local/lib/python3.10/site-packages/django/template/base.py", line 1005, in render
    return SafeString("".join([node.render_annotated(context) for node in self]))
  File "/home/tcioe/.local/lib/python3.10/site-packages/django/template/base.py", line 1005, in <listcomp>
    return SafeString("".join([node.render_annotated(context) for node in self]))
  File "/home/tcioe/.local/lib/python3.10/site-packages/django/template/base.py", line 966, in render_annotated
    return self.render(context)
  File "/home/tcioe/.local/lib/python3.10/site-packages/django/templatetags/static.py", line 116, in render
    url = self.url(context)
  File "/home/tcioe/.local/lib/python3.10/site-packages/django/templatetags/static.py", line 113, in url
    return self.handle_simple(path)
  File "/home/tcioe/.local/lib/python3.10/site-packages/django/templatetags/static.py", line 129, in handle_simple
    return staticfiles_storage.url(path)
  File "/home/tcioe/.local/lib/python3.10/site-packages/django/utils/functional.py", line 266, in inner
    self._setup()
  File "/home/tcioe/.local/lib/python3.10/site-packages/django/contrib/staticfiles/storage.py", line 537, in _setup
    self._wrapped = storages[STATICFILES_STORAGE_ALIAS]
  File "/home/tcioe/.local/lib/python3.10/site-packages/django/core/files/storage/handler.py", line 43, in __getitem__
    storage = self.create_storage(params)
  File "/home/tcioe/.local/lib/python3.10/site-packages/django/core/files/storage/handler.py", line 55, in create_storage
    return storage_cls(**options)
  File "/home/tcioe/.local/lib/python3.10/site-packages/whitenoise/storage.py", line 64, in __init__
    super().__init__(*args, **kwargs)
  File "/home/tcioe/.local/lib/python3.10/site-packages/django/contrib/staticfiles/storage.py", line 460, in __init__
    self.hashed_files, self.manifest_hash = self.load_manifest()
  File "/home/tcioe/.local/lib/python3.10/site-packages/django/contrib/staticfiles/storage.py", line 470, in load_manifest
    content = self.read_manifest()
  File "/home/tcioe/.local/lib/python3.10/site-packages/django/contrib/staticfiles/storage.py", line 464, in read_manifest
    with self.manifest_storage.open(self.manifest_name) as manifest:
  File "/home/tcioe/.local/lib/python3.10/site-packages/django/core/files/storage/base.py", line 22, in open
    return self._open(name, mode)
  File "/home/tcioe/.local/lib/python3.10/site-packages/django/core/files/storage/filesystem.py", line 68, in _open
    return File(open(self.path(name), mode))
  File "/home/tcioe/.local/lib/python3.10/site-packages/django/contrib/staticfiles/storage.py", line 39, in path
    raise ImproperlyConfigured(
django.core.exceptions.ImproperlyConfigured: You're using the staticfiles app without having set the STATIC_ROOT setting to a filesystem path.
[22/Jun/2023 16:50:35] "GET /admin/login/?next=/admin/notice/notice/add/ HTTP/1.1" 500 258828
Internal Server Error: /admin/login/
Traceback (most recent call last):
  File "/home/tcioe/.local/lib/python3.10/site-packages/django/core/files/storage/handler.py", line 35, in __getitem__
    return self._storages[alias]
KeyError: 'staticfiles'

During handling of the above exception, another exception occurred:

Traceback (most recent call last):
  File "/home/tcioe/.local/lib/python3.10/site-packages/django/core/handlers/exception.py", line 55, in inner
    response = get_response(request)
  File "/home/tcioe/.local/lib/python3.10/site-packages/django/core/handlers/base.py", line 220, in _get_response
    response = response.render()
  File "/home/tcioe/.local/lib/python3.10/site-packages/django/template/response.py", line 114, in render
    self.content = self.rendered_content
  File "/home/tcioe/.local/lib/python3.10/site-packages/django/template/response.py", line 92, in rendered_content
    return template.render(context, self._request)
  File "/home/tcioe/.local/lib/python3.10/site-packages/django/template/backends/django.py", line 61, in render
    return self.template.render(context)
  File "/home/tcioe/.local/lib/python3.10/site-packages/django/template/base.py", line 175, in render
    return self._render(context)
  File "/home/tcioe/.local/lib/python3.10/site-packages/django/template/base.py", line 167, in _render
    return self.nodelist.render(context)
  File "/home/tcioe/.local/lib/python3.10/site-packages/django/template/base.py", line 1005, in render
    return SafeString("".join([node.render_annotated(context) for node in self]))
  File "/home/tcioe/.local/lib/python3.10/site-packages/django/template/base.py", line 1005, in <listcomp>
    return SafeString("".join([node.render_annotated(context) for node in self]))
  File "/home/tcioe/.local/lib/python3.10/site-packages/django/template/base.py", line 966, in render_annotated
    return self.render(context)
  File "/home/tcioe/.local/lib/python3.10/site-packages/django/template/loader_tags.py", line 157, in render
    return compiled_parent._render(context)
  File "/home/tcioe/.local/lib/python3.10/site-packages/django/template/base.py", line 167, in _render
    return self.nodelist.render(context)
  File "/home/tcioe/.local/lib/python3.10/site-packages/django/template/base.py", line 1005, in render
    return SafeString("".join([node.render_annotated(context) for node in self]))
  File "/home/tcioe/.local/lib/python3.10/site-packages/django/template/base.py", line 1005, in <listcomp>
    return SafeString("".join([node.render_annotated(context) for node in self]))
  File "/home/tcioe/.local/lib/python3.10/site-packages/django/template/base.py", line 966, in render_annotated
    return self.render(context)
  File "/home/tcioe/.local/lib/python3.10/site-packages/django/template/loader_tags.py", line 157, in render
    return compiled_parent._render(context)
  File "/home/tcioe/.local/lib/python3.10/site-packages/django/template/base.py", line 167, in _render
    return self.nodelist.render(context)
  File "/home/tcioe/.local/lib/python3.10/site-packages/django/template/base.py", line 1005, in render
    return SafeString("".join([node.render_annotated(context) for node in self]))
  File "/home/tcioe/.local/lib/python3.10/site-packages/django/template/base.py", line 1005, in <listcomp>
    return SafeString("".join([node.render_annotated(context) for node in self]))
  File "/home/tcioe/.local/lib/python3.10/site-packages/django/template/base.py", line 966, in render_annotated
    return self.render(context)
  File "/home/tcioe/.local/lib/python3.10/site-packages/django/template/loader_tags.py", line 63, in render
    result = block.nodelist.render(context)
  File "/home/tcioe/.local/lib/python3.10/site-packages/django/template/base.py", line 1005, in render
    return SafeString("".join([node.render_annotated(context) for node in self]))
  File "/home/tcioe/.local/lib/python3.10/site-packages/django/template/base.py", line 1005, in <listcomp>
    return SafeString("".join([node.render_annotated(context) for node in self]))
  File "/home/tcioe/.local/lib/python3.10/site-packages/django/template/base.py", line 966, in render_annotated
    return self.render(context)
  File "/home/tcioe/.local/lib/python3.10/site-packages/django/templatetags/static.py", line 116, in render
    url = self.url(context)
  File "/home/tcioe/.local/lib/python3.10/site-packages/django/templatetags/static.py", line 113, in url
    return self.handle_simple(path)
  File "/home/tcioe/.local/lib/python3.10/site-packages/django/templatetags/static.py", line 129, in handle_simple
    return staticfiles_storage.url(path)
  File "/home/tcioe/.local/lib/python3.10/site-packages/django/utils/functional.py", line 266, in inner
    self._setup()
  File "/home/tcioe/.local/lib/python3.10/site-packages/django/contrib/staticfiles/storage.py", line 537, in _setup
    self._wrapped = storages[STATICFILES_STORAGE_ALIAS]
  File "/home/tcioe/.local/lib/python3.10/site-packages/django/core/files/storage/handler.py", line 43, in __getitem__
    storage = self.create_storage(params)
  File "/home/tcioe/.local/lib/python3.10/site-packages/django/core/files/storage/handler.py", line 55, in create_storage
    return storage_cls(**options)
  File "/home/tcioe/.local/lib/python3.10/site-packages/whitenoise/storage.py", line 64, in __init__
    super().__init__(*args, **kwargs)
  File "/home/tcioe/.local/lib/python3.10/site-packages/django/contrib/staticfiles/storage.py", line 460, in __init__
    self.hashed_files, self.manifest_hash = self.load_manifest()
  File "/home/tcioe/.local/lib/python3.10/site-packages/django/contrib/staticfiles/storage.py", line 470, in load_manifest
    content = self.read_manifest()
  File "/home/tcioe/.local/lib/python3.10/site-packages/django/contrib/staticfiles/storage.py", line 464, in read_manifest
    with self.manifest_storage.open(self.manifest_name) as manifest:
  File "/home/tcioe/.local/lib/python3.10/site-packages/django/core/files/storage/base.py", line 22, in open
    return self._open(name, mode)
  File "/home/tcioe/.local/lib/python3.10/site-packages/django/core/files/storage/filesystem.py", line 68, in _open
    return File(open(self.path(name), mode))
  File "/home/tcioe/.local/lib/python3.10/site-packages/django/contrib/staticfiles/storage.py", line 39, in path
    raise ImproperlyConfigured(
django.core.exceptions.ImproperlyConfigured: You're using the staticfiles app without having set the STATIC_ROOT setting to a filesystem path.
[22/Jun/2023 16:50:49] "GET /admin/login/?next=/admin/notice/notice/add/ HTTP/1.1" 500 258590
/home/tcioe/tcioe-emis/tcioe/settings.py changed, reloading.
Watching for file changes with StatReloader
Performing system checks...

System check identified no issues (0 silenced).
June 22, 2023 - 16:52:14
Django version 4.2.2, using settings 'tcioe.settings'
Starting development server at http://0.0.0.0:8000/
Quit the server with CONTROL-C.

Internal Server Error: /admin/login/
Traceback (most recent call last):
  File "/home/tcioe/.local/lib/python3.10/site-packages/django/core/files/storage/handler.py", line 35, in __getitem__
    return self._storages[alias]
KeyError: 'staticfiles'

During handling of the above exception, another exception occurred:

Traceback (most recent call last):
  File "/home/tcioe/.local/lib/python3.10/site-packages/django/core/handlers/exception.py", line 55, in inner
    response = get_response(request)
  File "/home/tcioe/.local/lib/python3.10/site-packages/django/core/handlers/base.py", line 220, in _get_response
    response = response.render()
  File "/home/tcioe/.local/lib/python3.10/site-packages/django/template/response.py", line 114, in render
    self.content = self.rendered_content
  File "/home/tcioe/.local/lib/python3.10/site-packages/django/template/response.py", line 92, in rendered_content
    return template.render(context, self._request)
  File "/home/tcioe/.local/lib/python3.10/site-packages/django/template/backends/django.py", line 61, in render
    return self.template.render(context)
  File "/home/tcioe/.local/lib/python3.10/site-packages/django/template/base.py", line 175, in render
    return self._render(context)
  File "/home/tcioe/.local/lib/python3.10/site-packages/django/template/base.py", line 167, in _render
    return self.nodelist.render(context)
  File "/home/tcioe/.local/lib/python3.10/site-packages/django/template/base.py", line 1005, in render
    return SafeString("".join([node.render_annotated(context) for node in self]))
  File "/home/tcioe/.local/lib/python3.10/site-packages/django/template/base.py", line 1005, in <listcomp>
    return SafeString("".join([node.render_annotated(context) for node in self]))
  File "/home/tcioe/.local/lib/python3.10/site-packages/django/template/base.py", line 966, in render_annotated
    return self.render(context)
  File "/home/tcioe/.local/lib/python3.10/site-packages/django/template/loader_tags.py", line 157, in render
    return compiled_parent._render(context)
  File "/home/tcioe/.local/lib/python3.10/site-packages/django/template/base.py", line 167, in _render
    return self.nodelist.render(context)
  File "/home/tcioe/.local/lib/python3.10/site-packages/django/template/base.py", line 1005, in render
    return SafeString("".join([node.render_annotated(context) for node in self]))
  File "/home/tcioe/.local/lib/python3.10/site-packages/django/template/base.py", line 1005, in <listcomp>
    return SafeString("".join([node.render_annotated(context) for node in self]))
  File "/home/tcioe/.local/lib/python3.10/site-packages/django/template/base.py", line 966, in render_annotated
    return self.render(context)
  File "/home/tcioe/.local/lib/python3.10/site-packages/django/template/loader_tags.py", line 157, in render
    return compiled_parent._render(context)
  File "/home/tcioe/.local/lib/python3.10/site-packages/django/template/base.py", line 167, in _render
    return self.nodelist.render(context)
  File "/home/tcioe/.local/lib/python3.10/site-packages/django/template/base.py", line 1005, in render
    return SafeString("".join([node.render_annotated(context) for node in self]))
  File "/home/tcioe/.local/lib/python3.10/site-packages/django/template/base.py", line 1005, in <listcomp>
    return SafeString("".join([node.render_annotated(context) for node in self]))
  File "/home/tcioe/.local/lib/python3.10/site-packages/django/template/base.py", line 966, in render_annotated
    return self.render(context)
  File "/home/tcioe/.local/lib/python3.10/site-packages/django/template/loader_tags.py", line 63, in render
    result = block.nodelist.render(context)
  File "/home/tcioe/.local/lib/python3.10/site-packages/django/template/base.py", line 1005, in render
    return SafeString("".join([node.render_annotated(context) for node in self]))
  File "/home/tcioe/.local/lib/python3.10/site-packages/django/template/base.py", line 1005, in <listcomp>
    return SafeString("".join([node.render_annotated(context) for node in self]))
  File "/home/tcioe/.local/lib/python3.10/site-packages/django/template/base.py", line 966, in render_annotated
    return self.render(context)
  File "/home/tcioe/.local/lib/python3.10/site-packages/django/templatetags/static.py", line 116, in render
    url = self.url(context)
  File "/home/tcioe/.local/lib/python3.10/site-packages/django/templatetags/static.py", line 113, in url
    return self.handle_simple(path)
  File "/home/tcioe/.local/lib/python3.10/site-packages/django/templatetags/static.py", line 129, in handle_simple
    return staticfiles_storage.url(path)
  File "/home/tcioe/.local/lib/python3.10/site-packages/django/utils/functional.py", line 266, in inner
    self._setup()
  File "/home/tcioe/.local/lib/python3.10/site-packages/django/contrib/staticfiles/storage.py", line 537, in _setup
    self._wrapped = storages[STATICFILES_STORAGE_ALIAS]
  File "/home/tcioe/.local/lib/python3.10/site-packages/django/core/files/storage/handler.py", line 43, in __getitem__
    storage = self.create_storage(params)
  File "/home/tcioe/.local/lib/python3.10/site-packages/django/core/files/storage/handler.py", line 55, in create_storage
    return storage_cls(**options)
  File "/home/tcioe/.local/lib/python3.10/site-packages/whitenoise/storage.py", line 64, in __init__
    super().__init__(*args, **kwargs)
  File "/home/tcioe/.local/lib/python3.10/site-packages/django/contrib/staticfiles/storage.py", line 460, in __init__
    self.hashed_files, self.manifest_hash = self.load_manifest()
  File "/home/tcioe/.local/lib/python3.10/site-packages/django/contrib/staticfiles/storage.py", line 470, in load_manifest
    content = self.read_manifest()
  File "/home/tcioe/.local/lib/python3.10/site-packages/django/contrib/staticfiles/storage.py", line 464, in read_manifest
    with self.manifest_storage.open(self.manifest_name) as manifest:
  File "/home/tcioe/.local/lib/python3.10/site-packages/django/core/files/storage/base.py", line 22, in open
    return self._open(name, mode)
  File "/home/tcioe/.local/lib/python3.10/site-packages/django/core/files/storage/filesystem.py", line 68, in _open
    return File(open(self.path(name), mode))
  File "/home/tcioe/.local/lib/python3.10/site-packages/django/contrib/staticfiles/storage.py", line 39, in path
    raise ImproperlyConfigured(
django.core.exceptions.ImproperlyConfigured: You're using the staticfiles app without having set the STATIC_ROOT setting to a filesystem path.
[22/Jun/2023 16:52:19] "GET /admin/login/?next=/admin/notice/notice/add/ HTTP/1.1" 500 258580
Internal Server Error: /admin/login/
Traceback (most recent call last):
  File "/home/tcioe/.local/lib/python3.10/site-packages/django/core/files/storage/handler.py", line 35, in __getitem__
    return self._storages[alias]
KeyError: 'staticfiles'

During handling of the above exception, another exception occurred:

Traceback (most recent call last):
  File "/home/tcioe/.local/lib/python3.10/site-packages/django/core/handlers/exception.py", line 55, in inner
    response = get_response(request)
  File "/home/tcioe/.local/lib/python3.10/site-packages/django/core/handlers/base.py", line 220, in _get_response
    response = response.render()
  File "/home/tcioe/.local/lib/python3.10/site-packages/django/template/response.py", line 114, in render
    self.content = self.rendered_content
  File "/home/tcioe/.local/lib/python3.10/site-packages/django/template/response.py", line 92, in rendered_content
    return template.render(context, self._request)
  File "/home/tcioe/.local/lib/python3.10/site-packages/django/template/backends/django.py", line 61, in render
    return self.template.render(context)
  File "/home/tcioe/.local/lib/python3.10/site-packages/django/template/base.py", line 175, in render
    return self._render(context)
  File "/home/tcioe/.local/lib/python3.10/site-packages/django/template/base.py", line 167, in _render
    return self.nodelist.render(context)
  File "/home/tcioe/.local/lib/python3.10/site-packages/django/template/base.py", line 1005, in render
    return SafeString("".join([node.render_annotated(context) for node in self]))
  File "/home/tcioe/.local/lib/python3.10/site-packages/django/template/base.py", line 1005, in <listcomp>
    return SafeString("".join([node.render_annotated(context) for node in self]))
  File "/home/tcioe/.local/lib/python3.10/site-packages/django/template/base.py", line 966, in render_annotated
    return self.render(context)
  File "/home/tcioe/.local/lib/python3.10/site-packages/django/template/loader_tags.py", line 157, in render
    return compiled_parent._render(context)
  File "/home/tcioe/.local/lib/python3.10/site-packages/django/template/base.py", line 167, in _render
    return self.nodelist.render(context)
  File "/home/tcioe/.local/lib/python3.10/site-packages/django/template/base.py", line 1005, in render
    return SafeString("".join([node.render_annotated(context) for node in self]))
  File "/home/tcioe/.local/lib/python3.10/site-packages/django/template/base.py", line 1005, in <listcomp>
    return SafeString("".join([node.render_annotated(context) for node in self]))
  File "/home/tcioe/.local/lib/python3.10/site-packages/django/template/base.py", line 966, in render_annotated
    return self.render(context)
  File "/home/tcioe/.local/lib/python3.10/site-packages/django/template/loader_tags.py", line 157, in render
    return compiled_parent._render(context)
  File "/home/tcioe/.local/lib/python3.10/site-packages/django/template/base.py", line 167, in _render
    return self.nodelist.render(context)
  File "/home/tcioe/.local/lib/python3.10/site-packages/django/template/base.py", line 1005, in render
    return SafeString("".join([node.render_annotated(context) for node in self]))
  File "/home/tcioe/.local/lib/python3.10/site-packages/django/template/base.py", line 1005, in <listcomp>
    return SafeString("".join([node.render_annotated(context) for node in self]))
  File "/home/tcioe/.local/lib/python3.10/site-packages/django/template/base.py", line 966, in render_annotated
    return self.render(context)
  File "/home/tcioe/.local/lib/python3.10/site-packages/django/template/loader_tags.py", line 63, in render
    result = block.nodelist.render(context)
  File "/home/tcioe/.local/lib/python3.10/site-packages/django/template/base.py", line 1005, in render
    return SafeString("".join([node.render_annotated(context) for node in self]))
  File "/home/tcioe/.local/lib/python3.10/site-packages/django/template/base.py", line 1005, in <listcomp>
    return SafeString("".join([node.render_annotated(context) for node in self]))
  File "/home/tcioe/.local/lib/python3.10/site-packages/django/template/base.py", line 966, in render_annotated
    return self.render(context)
  File "/home/tcioe/.local/lib/python3.10/site-packages/django/templatetags/static.py", line 116, in render
    url = self.url(context)
  File "/home/tcioe/.local/lib/python3.10/site-packages/django/templatetags/static.py", line 113, in url
    return self.handle_simple(path)
  File "/home/tcioe/.local/lib/python3.10/site-packages/django/templatetags/static.py", line 129, in handle_simple
    return staticfiles_storage.url(path)
  File "/home/tcioe/.local/lib/python3.10/site-packages/django/utils/functional.py", line 266, in inner
    self._setup()
  File "/home/tcioe/.local/lib/python3.10/site-packages/django/contrib/staticfiles/storage.py", line 537, in _setup
    self._wrapped = storages[STATICFILES_STORAGE_ALIAS]
  File "/home/tcioe/.local/lib/python3.10/site-packages/django/core/files/storage/handler.py", line 43, in __getitem__
    storage = self.create_storage(params)
  File "/home/tcioe/.local/lib/python3.10/site-packages/django/core/files/storage/handler.py", line 55, in create_storage
    return storage_cls(**options)
  File "/home/tcioe/.local/lib/python3.10/site-packages/whitenoise/storage.py", line 64, in __init__
    super().__init__(*args, **kwargs)
  File "/home/tcioe/.local/lib/python3.10/site-packages/django/contrib/staticfiles/storage.py", line 460, in __init__
    self.hashed_files, self.manifest_hash = self.load_manifest()
  File "/home/tcioe/.local/lib/python3.10/site-packages/django/contrib/staticfiles/storage.py", line 470, in load_manifest
    content = self.read_manifest()
  File "/home/tcioe/.local/lib/python3.10/site-packages/django/contrib/staticfiles/storage.py", line 464, in read_manifest
    with self.manifest_storage.open(self.manifest_name) as manifest:
  File "/home/tcioe/.local/lib/python3.10/site-packages/django/core/files/storage/base.py", line 22, in open
    return self._open(name, mode)
  File "/home/tcioe/.local/lib/python3.10/site-packages/django/core/files/storage/filesystem.py", line 68, in _open
    return File(open(self.path(name), mode))
  File "/home/tcioe/.local/lib/python3.10/site-packages/django/contrib/staticfiles/storage.py", line 39, in path
    raise ImproperlyConfigured(
django.core.exceptions.ImproperlyConfigured: You're using the staticfiles app without having set the STATIC_ROOT setting to a filesystem path.
[22/Jun/2023 16:52:23] "GET /admin/login/?next=/admin/notice/notice/add/ HTTP/1.1" 500 258412
[22/Jun/2023 16:52:35] "GET /admin/notice/notice/ HTTP/1.1" 302 0
Internal Server Error: /admin/login/
Traceback (most recent call last):
  File "/home/tcioe/.local/lib/python3.10/site-packages/django/core/files/storage/handler.py", line 35, in __getitem__
    return self._storages[alias]
KeyError: 'staticfiles'

During handling of the above exception, another exception occurred:

Traceback (most recent call last):
  File "/home/tcioe/.local/lib/python3.10/site-packages/django/core/handlers/exception.py", line 55, in inner
    response = get_response(request)
  File "/home/tcioe/.local/lib/python3.10/site-packages/django/core/handlers/base.py", line 220, in _get_response
    response = response.render()
  File "/home/tcioe/.local/lib/python3.10/site-packages/django/template/response.py", line 114, in render
    self.content = self.rendered_content
  File "/home/tcioe/.local/lib/python3.10/site-packages/django/template/response.py", line 92, in rendered_content
    return template.render(context, self._request)
  File "/home/tcioe/.local/lib/python3.10/site-packages/django/template/backends/django.py", line 61, in render
    return self.template.render(context)
  File "/home/tcioe/.local/lib/python3.10/site-packages/django/template/base.py", line 175, in render
    return self._render(context)
  File "/home/tcioe/.local/lib/python3.10/site-packages/django/template/base.py", line 167, in _render
    return self.nodelist.render(context)
  File "/home/tcioe/.local/lib/python3.10/site-packages/django/template/base.py", line 1005, in render
    return SafeString("".join([node.render_annotated(context) for node in self]))
  File "/home/tcioe/.local/lib/python3.10/site-packages/django/template/base.py", line 1005, in <listcomp>
    return SafeString("".join([node.render_annotated(context) for node in self]))
  File "/home/tcioe/.local/lib/python3.10/site-packages/django/template/base.py", line 966, in render_annotated
    return self.render(context)
  File "/home/tcioe/.local/lib/python3.10/site-packages/django/template/loader_tags.py", line 157, in render
    return compiled_parent._render(context)
  File "/home/tcioe/.local/lib/python3.10/site-packages/django/template/base.py", line 167, in _render
    return self.nodelist.render(context)
  File "/home/tcioe/.local/lib/python3.10/site-packages/django/template/base.py", line 1005, in render
    return SafeString("".join([node.render_annotated(context) for node in self]))
  File "/home/tcioe/.local/lib/python3.10/site-packages/django/template/base.py", line 1005, in <listcomp>
    return SafeString("".join([node.render_annotated(context) for node in self]))
  File "/home/tcioe/.local/lib/python3.10/site-packages/django/template/base.py", line 966, in render_annotated
    return self.render(context)
  File "/home/tcioe/.local/lib/python3.10/site-packages/django/template/loader_tags.py", line 157, in render
    return compiled_parent._render(context)
  File "/home/tcioe/.local/lib/python3.10/site-packages/django/template/base.py", line 167, in _render
    return self.nodelist.render(context)
  File "/home/tcioe/.local/lib/python3.10/site-packages/django/template/base.py", line 1005, in render
    return SafeString("".join([node.render_annotated(context) for node in self]))
  File "/home/tcioe/.local/lib/python3.10/site-packages/django/template/base.py", line 1005, in <listcomp>
    return SafeString("".join([node.render_annotated(context) for node in self]))
  File "/home/tcioe/.local/lib/python3.10/site-packages/django/template/base.py", line 966, in render_annotated
    return self.render(context)
  File "/home/tcioe/.local/lib/python3.10/site-packages/django/template/loader_tags.py", line 63, in render
    result = block.nodelist.render(context)
  File "/home/tcioe/.local/lib/python3.10/site-packages/django/template/base.py", line 1005, in render
    return SafeString("".join([node.render_annotated(context) for node in self]))
  File "/home/tcioe/.local/lib/python3.10/site-packages/django/template/base.py", line 1005, in <listcomp>
    return SafeString("".join([node.render_annotated(context) for node in self]))
  File "/home/tcioe/.local/lib/python3.10/site-packages/django/template/base.py", line 966, in render_annotated
    return self.render(context)
  File "/home/tcioe/.local/lib/python3.10/site-packages/django/templatetags/static.py", line 116, in render
    url = self.url(context)
  File "/home/tcioe/.local/lib/python3.10/site-packages/django/templatetags/static.py", line 113, in url
    return self.handle_simple(path)
  File "/home/tcioe/.local/lib/python3.10/site-packages/django/templatetags/static.py", line 129, in handle_simple
    return staticfiles_storage.url(path)
  File "/home/tcioe/.local/lib/python3.10/site-packages/django/utils/functional.py", line 266, in inner
    self._setup()
  File "/home/tcioe/.local/lib/python3.10/site-packages/django/contrib/staticfiles/storage.py", line 537, in _setup
    self._wrapped = storages[STATICFILES_STORAGE_ALIAS]
  File "/home/tcioe/.local/lib/python3.10/site-packages/django/core/files/storage/handler.py", line 43, in __getitem__
    storage = self.create_storage(params)
  File "/home/tcioe/.local/lib/python3.10/site-packages/django/core/files/storage/handler.py", line 55, in create_storage
    return storage_cls(**options)
  File "/home/tcioe/.local/lib/python3.10/site-packages/whitenoise/storage.py", line 64, in __init__
    super().__init__(*args, **kwargs)
  File "/home/tcioe/.local/lib/python3.10/site-packages/django/contrib/staticfiles/storage.py", line 460, in __init__
    self.hashed_files, self.manifest_hash = self.load_manifest()
  File "/home/tcioe/.local/lib/python3.10/site-packages/django/contrib/staticfiles/storage.py", line 470, in load_manifest
    content = self.read_manifest()
  File "/home/tcioe/.local/lib/python3.10/site-packages/django/contrib/staticfiles/storage.py", line 464, in read_manifest
    with self.manifest_storage.open(self.manifest_name) as manifest:
  File "/home/tcioe/.local/lib/python3.10/site-packages/django/core/files/storage/base.py", line 22, in open
    return self._open(name, mode)
  File "/home/tcioe/.local/lib/python3.10/site-packages/django/core/files/storage/filesystem.py", line 68, in _open
    return File(open(self.path(name), mode))
  File "/home/tcioe/.local/lib/python3.10/site-packages/django/contrib/staticfiles/storage.py", line 39, in path
    raise ImproperlyConfigured(
django.core.exceptions.ImproperlyConfigured: You're using the staticfiles app without having set the STATIC_ROOT setting to a filesystem path.
[22/Jun/2023 16:52:35] "GET /admin/login/?next=/admin/notice/notice/ HTTP/1.1" 500 258606
Internal Server Error: /admin/login/
Traceback (most recent call last):
  File "/home/tcioe/.local/lib/python3.10/site-packages/django/core/files/storage/handler.py", line 35, in __getitem__
    return self._storages[alias]
KeyError: 'staticfiles'

During handling of the above exception, another exception occurred:

Traceback (most recent call last):
  File "/home/tcioe/.local/lib/python3.10/site-packages/django/core/handlers/exception.py", line 55, in inner
    response = get_response(request)
  File "/home/tcioe/.local/lib/python3.10/site-packages/django/core/handlers/base.py", line 220, in _get_response
    response = response.render()
  File "/home/tcioe/.local/lib/python3.10/site-packages/django/template/response.py", line 114, in render
    self.content = self.rendered_content
  File "/home/tcioe/.local/lib/python3.10/site-packages/django/template/response.py", line 92, in rendered_content
    return template.render(context, self._request)
  File "/home/tcioe/.local/lib/python3.10/site-packages/django/template/backends/django.py", line 61, in render
    return self.template.render(context)
  File "/home/tcioe/.local/lib/python3.10/site-packages/django/template/base.py", line 175, in render
    return self._render(context)
  File "/home/tcioe/.local/lib/python3.10/site-packages/django/template/base.py", line 167, in _render
    return self.nodelist.render(context)
  File "/home/tcioe/.local/lib/python3.10/site-packages/django/template/base.py", line 1005, in render
    return SafeString("".join([node.render_annotated(context) for node in self]))
  File "/home/tcioe/.local/lib/python3.10/site-packages/django/template/base.py", line 1005, in <listcomp>
    return SafeString("".join([node.render_annotated(context) for node in self]))
  File "/home/tcioe/.local/lib/python3.10/site-packages/django/template/base.py", line 966, in render_annotated
    return self.render(context)
  File "/home/tcioe/.local/lib/python3.10/site-packages/django/template/loader_tags.py", line 157, in render
    return compiled_parent._render(context)
  File "/home/tcioe/.local/lib/python3.10/site-packages/django/template/base.py", line 167, in _render
    return self.nodelist.render(context)
  File "/home/tcioe/.local/lib/python3.10/site-packages/django/template/base.py", line 1005, in render
    return SafeString("".join([node.render_annotated(context) for node in self]))
  File "/home/tcioe/.local/lib/python3.10/site-packages/django/template/base.py", line 1005, in <listcomp>
    return SafeString("".join([node.render_annotated(context) for node in self]))
  File "/home/tcioe/.local/lib/python3.10/site-packages/django/template/base.py", line 966, in render_annotated
    return self.render(context)
  File "/home/tcioe/.local/lib/python3.10/site-packages/django/template/loader_tags.py", line 157, in render
    return compiled_parent._render(context)
  File "/home/tcioe/.local/lib/python3.10/site-packages/django/template/base.py", line 167, in _render
    return self.nodelist.render(context)
  File "/home/tcioe/.local/lib/python3.10/site-packages/django/template/base.py", line 1005, in render
    return SafeString("".join([node.render_annotated(context) for node in self]))
  File "/home/tcioe/.local/lib/python3.10/site-packages/django/template/base.py", line 1005, in <listcomp>
    return SafeString("".join([node.render_annotated(context) for node in self]))
  File "/home/tcioe/.local/lib/python3.10/site-packages/django/template/base.py", line 966, in render_annotated
    return self.render(context)
  File "/home/tcioe/.local/lib/python3.10/site-packages/django/template/loader_tags.py", line 63, in render
    result = block.nodelist.render(context)
  File "/home/tcioe/.local/lib/python3.10/site-packages/django/template/base.py", line 1005, in render
    return SafeString("".join([node.render_annotated(context) for node in self]))
  File "/home/tcioe/.local/lib/python3.10/site-packages/django/template/base.py", line 1005, in <listcomp>
    return SafeString("".join([node.render_annotated(context) for node in self]))
  File "/home/tcioe/.local/lib/python3.10/site-packages/django/template/base.py", line 966, in render_annotated
    return self.render(context)
  File "/home/tcioe/.local/lib/python3.10/site-packages/django/templatetags/static.py", line 116, in render
    url = self.url(context)
  File "/home/tcioe/.local/lib/python3.10/site-packages/django/templatetags/static.py", line 113, in url
    return self.handle_simple(path)
  File "/home/tcioe/.local/lib/python3.10/site-packages/django/templatetags/static.py", line 129, in handle_simple
    return staticfiles_storage.url(path)
  File "/home/tcioe/.local/lib/python3.10/site-packages/django/utils/functional.py", line 266, in inner
    self._setup()
  File "/home/tcioe/.local/lib/python3.10/site-packages/django/contrib/staticfiles/storage.py", line 537, in _setup
    self._wrapped = storages[STATICFILES_STORAGE_ALIAS]
  File "/home/tcioe/.local/lib/python3.10/site-packages/django/core/files/storage/handler.py", line 43, in __getitem__
    storage = self.create_storage(params)
  File "/home/tcioe/.local/lib/python3.10/site-packages/django/core/files/storage/handler.py", line 55, in create_storage
    return storage_cls(**options)
  File "/home/tcioe/.local/lib/python3.10/site-packages/whitenoise/storage.py", line 64, in __init__
    super().__init__(*args, **kwargs)
  File "/home/tcioe/.local/lib/python3.10/site-packages/django/contrib/staticfiles/storage.py", line 460, in __init__
    self.hashed_files, self.manifest_hash = self.load_manifest()
  File "/home/tcioe/.local/lib/python3.10/site-packages/django/contrib/staticfiles/storage.py", line 470, in load_manifest
    content = self.read_manifest()
  File "/home/tcioe/.local/lib/python3.10/site-packages/django/contrib/staticfiles/storage.py", line 464, in read_manifest
    with self.manifest_storage.open(self.manifest_name) as manifest:
  File "/home/tcioe/.local/lib/python3.10/site-packages/django/core/files/storage/base.py", line 22, in open
    return self._open(name, mode)
  File "/home/tcioe/.local/lib/python3.10/site-packages/django/core/files/storage/filesystem.py", line 68, in _open
    return File(open(self.path(name), mode))
  File "/home/tcioe/.local/lib/python3.10/site-packages/django/contrib/staticfiles/storage.py", line 39, in path
    raise ImproperlyConfigured(
django.core.exceptions.ImproperlyConfigured: You're using the staticfiles app without having set the STATIC_ROOT setting to a filesystem path.
[22/Jun/2023 16:52:40] "GET /admin/login/?next=/admin/notice/notice/ HTTP/1.1" 500 258606
/home/tcioe/tcioe-emis/tcioe/settings.py changed, reloading.
Watching for file changes with StatReloader
Performing system checks...

System check identified no issues (0 silenced).
June 22, 2023 - 16:53:02
Django version 4.2.2, using settings 'tcioe.settings'
Starting development server at http://0.0.0.0:8000/
Quit the server with CONTROL-C.

[22/Jun/2023 16:53:03] "GET /admin/login/?next=/admin/notice/notice/add/ HTTP/1.1" 200 4217
[22/Jun/2023 16:53:04] "GET /static/admin/css/base.css HTTP/1.1" 304 0
[22/Jun/2023 16:53:04] "GET /static/admin/css/login.css HTTP/1.1" 304 0
[22/Jun/2023 16:53:04] "GET /static/admin/css/dark_mode.css HTTP/1.1" 304 0
[22/Jun/2023 16:53:04] "GET /static/admin/js/theme.js HTTP/1.1" 304 0
[22/Jun/2023 16:53:04] "GET /static/admin/js/nav_sidebar.js HTTP/1.1" 304 0
[22/Jun/2023 16:53:04] "GET /static/admin/css/nav_sidebar.css HTTP/1.1" 304 0
[22/Jun/2023 16:53:04] "GET /static/admin/css/responsive.css HTTP/1.1" 304 0
[22/Jun/2023 16:53:06] "POST /admin/login/?next=/admin/notice/notice/add/ HTTP/1.1" 302 0
[22/Jun/2023 16:53:07] "GET /admin/notice/notice/add/ HTTP/1.1" 200 18781
[22/Jun/2023 16:53:07] "GET /static/admin/js/vendor/jquery/jquery.js HTTP/1.1" 304 0
[22/Jun/2023 16:53:07] "GET /static/admin/css/forms.css HTTP/1.1" 304 0
[22/Jun/2023 16:53:07] "GET /static/admin/js/admin/RelatedObjectLookups.js HTTP/1.1" 304 0
[22/Jun/2023 16:53:07] "GET /static/admin/js/jquery.init.js HTTP/1.1" 304 0
[22/Jun/2023 16:53:07] "GET /static/admin/js/core.js HTTP/1.1" 304 0
[22/Jun/2023 16:53:07] "GET /admin/jsi18n/ HTTP/1.1" 200 3343
[22/Jun/2023 16:53:07] "GET /static/admin/js/prepopulate.js HTTP/1.1" 304 0
[22/Jun/2023 16:53:07] "GET /static/admin/js/actions.js HTTP/1.1" 304 0
[22/Jun/2023 16:53:07] "GET /static/admin/js/urlify.js HTTP/1.1" 304 0
[22/Jun/2023 16:53:07] "GET /static/admin/js/vendor/xregexp/xregexp.js HTTP/1.1" 304 0
[22/Jun/2023 16:53:07] "GET /static/admin/js/change_form.js HTTP/1.1" 200 606
[22/Jun/2023 16:53:08] "GET /static/admin/js/prepopulate_init.js HTTP/1.1" 200 586
[22/Jun/2023 16:53:08] "GET /static/admin/css/widgets.css HTTP/1.1" 200 11900
[22/Jun/2023 16:53:08] "GET /static/admin/img/icon-changelink.svg HTTP/1.1" 200 380
[22/Jun/2023 16:53:08] "GET /static/admin/img/icon-addlink.svg HTTP/1.1" 200 331
[22/Jun/2023 16:53:08] "GET /static/admin/img/icon-viewlink.svg HTTP/1.1" 200 581
[22/Jun/2023 16:53:11] "GET /admin/department/department/ HTTP/1.1" 200 10136
[22/Jun/2023 16:53:11] "GET /static/admin/css/changelists.css HTTP/1.1" 304 0
[22/Jun/2023 16:53:11] "GET /static/admin/js/filters.js HTTP/1.1" 200 978
[22/Jun/2023 16:53:11] "GET /admin/jsi18n/ HTTP/1.1" 200 3343
[22/Jun/2023 16:53:12] "GET /static/admin/img/tooltag-add.svg HTTP/1.1" 200 331
[22/Jun/2023 16:53:13] "GET /admin/department/department/add/ HTTP/1.1" 200 14829
[22/Jun/2023 16:53:13] "GET /admin/jsi18n/ HTTP/1.1" 200 3343
[22/Jun/2023 16:53:18] "POST /admin/department/department/add/ HTTP/1.1" 302 0
[22/Jun/2023 16:53:19] "GET /admin/department/department/ HTTP/1.1" 200 11611
[22/Jun/2023 16:53:19] "GET /admin/jsi18n/ HTTP/1.1" 200 3343
[22/Jun/2023 16:53:19] "GET /static/admin/img/icon-yes.svg HTTP/1.1" 200 436
[22/Jun/2023 16:53:27] "POST /admin/department/department/ HTTP/1.1" 200 10266
[22/Jun/2023 16:53:27] "GET /static/admin/js/cancel.js HTTP/1.1" 200 884
[22/Jun/2023 16:53:28] "POST /admin/department/department/ HTTP/1.1" 302 0
[22/Jun/2023 16:53:29] "GET /admin/department/department/ HTTP/1.1" 200 10276
[22/Jun/2023 16:53:29] "GET /admin/jsi18n/ HTTP/1.1" 200 3343
/home/tcioe/tcioe-emis/tcioe/settings.py changed, reloading.
Performing system checks...

System check identified no issues (0 silenced).
June 22, 2023 - 16:53:48
Django version 4.2.2, using settings 'tcioe.settings'
Starting development server at http://0.0.0.0:8000/
Quit the server with CONTROL-C.

[22/Jun/2023 16:53:48] "GET /admin/login/?next=/admin/notice/notice/ HTTP/1.1" 200 4300
[22/Jun/2023 16:53:49] "GET /admin/login/?next=/admin/notice/notice/ HTTP/1.1" 200 4300
[22/Jun/2023 16:53:49] "GET /admin/department/department/ HTTP/1.1" 200 10352
[22/Jun/2023 16:53:50] "GET /admin/jsi18n/ HTTP/1.1" 200 3343
[22/Jun/2023 16:53:51] "GET /admin/department/department/add/ HTTP/1.1" 200 15097
[22/Jun/2023 16:53:51] "GET /admin/jsi18n/ HTTP/1.1" 200 3343
[22/Jun/2023 16:53:52] "POST /admin/login/?next=/admin/notice/notice/ HTTP/1.1" 200 4461
[22/Jun/2023 16:53:55] "POST /admin/department/department/add/ HTTP/1.1" 302 0
[22/Jun/2023 16:53:56] "GET /admin/department/department/ HTTP/1.1" 200 11827
[22/Jun/2023 16:53:56] "GET /admin/jsi18n/ HTTP/1.1" 200 3343
[22/Jun/2023 16:53:59] "POST /admin/login/?next=/admin/notice/notice/ HTTP/1.1" 302 0
[22/Jun/2023 16:53:59] "GET /admin/notice/notice/ HTTP/1.1" 200 10308
[22/Jun/2023 16:54:00] "GET /admin/notice/notice/ HTTP/1.1" 200 10308
[22/Jun/2023 16:54:00] "GET /admin/jsi18n/ HTTP/1.1" 200 3343
[22/Jun/2023 16:54:00] "GET /admin/jsi18n/ HTTP/1.1" 200 3343
[22/Jun/2023 16:54:01] "GET /admin/notice/notice/add/ HTTP/1.1" 200 19198
[22/Jun/2023 16:54:02] "GET /admin/notice/notice/ HTTP/1.1" 200 10308
[22/Jun/2023 16:54:02] "GET /admin/jsi18n/ HTTP/1.1" 200 3343
[22/Jun/2023 16:54:02] "GET /admin/jsi18n/ HTTP/1.1" 200 3343
[22/Jun/2023 16:54:03] "GET /admin/notice/notice/add/ HTTP/1.1" 200 19198
[22/Jun/2023 16:54:03] "GET /admin/jsi18n/ HTTP/1.1" 200 3343
[22/Jun/2023 16:54:07] "GET /admin/notice/noticetype/add/ HTTP/1.1" 200 11444
[22/Jun/2023 16:54:07] "GET /admin/jsi18n/ HTTP/1.1" 200 3343
[22/Jun/2023 16:54:08] "GET /admin/notice/noticecategory/add/ HTTP/1.1" 200 13346
[22/Jun/2023 16:54:09] "GET /admin/jsi18n/ HTTP/1.1" 200 3343
[22/Jun/2023 16:54:12] "GET /admin/notice/notice/ HTTP/1.1" 200 10308
[22/Jun/2023 16:54:12] "GET /admin/jsi18n/ HTTP/1.1" 200 3343
[22/Jun/2023 16:54:14] "GET /admin/notice/notice/add/ HTTP/1.1" 200 19198
[22/Jun/2023 16:54:14] "GET /admin/jsi18n/ HTTP/1.1" 200 3343
[22/Jun/2023 16:54:17] "GET /admin/login/?next=/admin/notice/notice/add/ HTTP/1.1" 302 0
[22/Jun/2023 16:54:17] "GET /admin/ HTTP/1.1" 200 13156
[22/Jun/2023 16:54:17] "GET /static/admin/css/dashboard.e90f2068217b.css HTTP/1.1" 200 267
[22/Jun/2023 16:54:17] "GET /static/admin/img/icon-deletelink.564ef9dc3854.svg HTTP/1.1" 200 221
[22/Jun/2023 16:54:18] "POST /admin/notice/notice/add/ HTTP/1.1" 500 145
[22/Jun/2023 16:54:19] "GET /admin/notice/notice/ HTTP/1.1" 200 10308
[22/Jun/2023 16:54:19] "GET /admin/jsi18n/ HTTP/1.1" 200 3343
[22/Jun/2023 16:54:21] "GET /admin/notice/notice/add/ HTTP/1.1" 200 19198
[22/Jun/2023 16:54:21] "GET /admin/jsi18n/ HTTP/1.1" 200 3343
Watching for file changes with StatReloader
Performing system checks...

System check identified no issues (0 silenced).
June 22, 2023 - 16:54:31
Django version 4.2.2, using settings 'tcioe.settings'
Starting development server at http://0.0.0.0:8000/
Quit the server with CONTROL-C.

[22/Jun/2023 16:54:32] "GET /admin/notice/notice/add/ HTTP/1.1" 200 18852
[22/Jun/2023 16:54:40] "POST /admin/notice/notice/add/ HTTP/1.1" 302 0
[22/Jun/2023 16:54:41] "GET /admin/notice/notice/ HTTP/1.1" 200 11537
[22/Jun/2023 16:54:41] "GET /admin/jsi18n/ HTTP/1.1" 200 3343
[22/Jun/2023 16:54:51] "POST /admin/notice/notice/ HTTP/1.1" 200 10217
[22/Jun/2023 16:54:53] "POST /admin/notice/notice/ HTTP/1.1" 302 0
[22/Jun/2023 16:54:53] "GET /admin/notice/notice/ HTTP/1.1" 200 10228
[22/Jun/2023 16:54:54] "GET /admin/jsi18n/ HTTP/1.1" 200 3343
[22/Jun/2023 16:54:57] "GET /admin/notice/noticetype/ HTTP/1.1" 200 12769
[22/Jun/2023 16:54:57] "GET /admin/jsi18n/ HTTP/1.1" 200 3343
[22/Jun/2023 16:55:00] "GET /admin/department/department/ HTTP/1.1" 200 11367
[22/Jun/2023 16:55:00] "GET /admin/jsi18n/ HTTP/1.1" 200 3343
[22/Jun/2023 16:55:06] "POST /admin/department/department/ HTTP/1.1" 200 10266
[22/Jun/2023 16:55:07] "POST /admin/department/department/ HTTP/1.1" 302 0
[22/Jun/2023 16:55:08] "GET /admin/department/department/ HTTP/1.1" 200 10276
[22/Jun/2023 16:55:08] "GET /admin/jsi18n/ HTTP/1.1" 200 3343
[22/Jun/2023 16:55:17] "GET /admin/notice/noticetype/add/?_to_field=id&_popup=1 HTTP/1.1" 200 4745
[22/Jun/2023 16:55:17] "GET /static/admin/css/base.css HTTP/1.1" 304 0
[22/Jun/2023 16:55:17] "GET /static/admin/css/dark_mode.css HTTP/1.1" 304 0
[22/Jun/2023 16:55:17] "GET /static/admin/css/forms.css HTTP/1.1" 304 0
[22/Jun/2023 16:55:17] "GET /static/admin/css/responsive.css HTTP/1.1" 304 0
[22/Jun/2023 16:55:17] "GET /static/admin/js/jquery.init.js HTTP/1.1" 304 0
[22/Jun/2023 16:55:17] "GET /static/admin/js/admin/RelatedObjectLookups.js HTTP/1.1" 304 0
[22/Jun/2023 16:55:17] "GET /static/admin/js/core.js HTTP/1.1" 304 0
[22/Jun/2023 16:55:17] "GET /admin/jsi18n/ HTTP/1.1" 200 3343
[22/Jun/2023 16:55:17] "GET /static/admin/js/vendor/jquery/jquery.js HTTP/1.1" 200 292458
[22/Jun/2023 16:55:17] "GET /static/admin/js/vendor/xregexp/xregexp.js HTTP/1.1" 200 232381
[22/Jun/2023 16:55:17] "GET /static/admin/css/widgets.css HTTP/1.1" 304 0
[22/Jun/2023 16:55:17] "GET /static/admin/js/urlify.js HTTP/1.1" 304 0
[22/Jun/2023 16:55:17] "GET /static/admin/js/actions.js HTTP/1.1" 304 0
[22/Jun/2023 16:55:17] "GET /static/admin/js/prepopulate.js HTTP/1.1" 304 0
[22/Jun/2023 16:55:17] "GET /static/admin/js/prepopulate_init.js HTTP/1.1" 304 0
[22/Jun/2023 16:55:18] "GET /static/admin/js/theme.js HTTP/1.1" 304 0
[22/Jun/2023 16:55:18] "GET /static/admin/js/change_form.js HTTP/1.1" 304 0
[22/Jun/2023 16:55:22] "POST /admin/notice/noticetype/add/?_to_field=id&_popup=1 HTTP/1.1" 200 369
[22/Jun/2023 16:55:22] "GET /static/admin/js/popup_response.js HTTP/1.1" 200 551
[22/Jun/2023 16:55:24] "GET /admin/notice/noticecategory/add/?_to_field=id&_popup=1 HTTP/1.1" 200 6676
[22/Jun/2023 16:55:24] "GET /static/admin/img/icon-changelink.svg HTTP/1.1" 304 0
[22/Jun/2023 16:55:24] "GET /admin/jsi18n/ HTTP/1.1" 200 3343
[22/Jun/2023 16:55:24] "GET /static/admin/img/icon-addlink.svg HTTP/1.1" 304 0
[22/Jun/2023 16:55:24] "GET /static/admin/img/icon-viewlink.svg HTTP/1.1" 304 0
[22/Jun/2023 16:55:27] "POST /admin/notice/noticecategory/add/?_to_field=id&_popup=1 HTTP/1.1" 200 362
Internal Server Error: /admin/notice/notice/add/
Traceback (most recent call last):
  File "/home/tcioe/.local/lib/python3.10/site-packages/django/core/files/storage/handler.py", line 35, in __getitem__
    return self._storages[alias]
KeyError: 'default'

During handling of the above exception, another exception occurred:

Traceback (most recent call last):
  File "/home/tcioe/.local/lib/python3.10/site-packages/django/core/files/storage/handler.py", line 38, in __getitem__
    params = self.backends[alias]
KeyError: 'default'

During handling of the above exception, another exception occurred:

Traceback (most recent call last):
  File "/home/tcioe/.local/lib/python3.10/site-packages/django/core/handlers/exception.py", line 55, in inner
    response = get_response(request)
  File "/home/tcioe/.local/lib/python3.10/site-packages/django/core/handlers/base.py", line 197, in _get_response
    response = wrapped_callback(request, *callback_args, **callback_kwargs)
  File "/home/tcioe/.local/lib/python3.10/site-packages/django/contrib/admin/options.py", line 688, in wrapper
    return self.admin_site.admin_view(view)(*args, **kwargs)
  File "/home/tcioe/.local/lib/python3.10/site-packages/django/utils/decorators.py", line 134, in _wrapper_view
    response = view_func(request, *args, **kwargs)
  File "/home/tcioe/.local/lib/python3.10/site-packages/django/views/decorators/cache.py", line 62, in _wrapper_view_func
    response = view_func(request, *args, **kwargs)
  File "/home/tcioe/.local/lib/python3.10/site-packages/django/contrib/admin/sites.py", line 242, in inner
    return view(request, *args, **kwargs)
  File "/home/tcioe/.local/lib/python3.10/site-packages/django/contrib/admin/options.py", line 1886, in add_view
    return self.changeform_view(request, None, form_url, extra_context)
  File "/home/tcioe/.local/lib/python3.10/site-packages/django/utils/decorators.py", line 46, in _wrapper
    return bound_method(*args, **kwargs)
  File "/home/tcioe/.local/lib/python3.10/site-packages/django/utils/decorators.py", line 134, in _wrapper_view
    response = view_func(request, *args, **kwargs)
  File "/home/tcioe/.local/lib/python3.10/site-packages/django/contrib/admin/options.py", line 1747, in changeform_view
    return self._changeform_view(request, object_id, form_url, extra_context)
  File "/home/tcioe/.local/lib/python3.10/site-packages/django/contrib/admin/options.py", line 1798, in _changeform_view
    self.save_model(request, new_object, form, not add)
  File "/home/tcioe/.local/lib/python3.10/site-packages/django/contrib/admin/options.py", line 1227, in save_model
    obj.save()
  File "/home/tcioe/tcioe-emis/notice/models.py", line 59, in save
    super(Notice, self).save(*args, **kwargs)
  File "/home/tcioe/.local/lib/python3.10/site-packages/django/db/models/base.py", line 814, in save
    self.save_base(
  File "/home/tcioe/.local/lib/python3.10/site-packages/django/db/models/base.py", line 877, in save_base
    updated = self._save_table(
  File "/home/tcioe/.local/lib/python3.10/site-packages/django/db/models/base.py", line 1020, in _save_table
    results = self._do_insert(
  File "/home/tcioe/.local/lib/python3.10/site-packages/django/db/models/base.py", line 1061, in _do_insert
    return manager._insert(
  File "/home/tcioe/.local/lib/python3.10/site-packages/django/db/models/manager.py", line 87, in manager_method
    return getattr(self.get_queryset(), name)(*args, **kwargs)
  File "/home/tcioe/.local/lib/python3.10/site-packages/django/db/models/query.py", line 1805, in _insert
    return query.get_compiler(using=using).execute_sql(returning_fields)
  File "/home/tcioe/.local/lib/python3.10/site-packages/django/db/models/sql/compiler.py", line 1821, in execute_sql
    for sql, params in self.as_sql():
  File "/home/tcioe/.local/lib/python3.10/site-packages/django/db/models/sql/compiler.py", line 1745, in as_sql
    value_rows = [
  File "/home/tcioe/.local/lib/python3.10/site-packages/django/db/models/sql/compiler.py", line 1746, in <listcomp>
    [
  File "/home/tcioe/.local/lib/python3.10/site-packages/django/db/models/sql/compiler.py", line 1747, in <listcomp>
    self.prepare_value(field, self.pre_save_val(field, obj))
  File "/home/tcioe/.local/lib/python3.10/site-packages/django/db/models/sql/compiler.py", line 1695, in pre_save_val
    return field.pre_save(obj, add=True)
  File "/home/tcioe/.local/lib/python3.10/site-packages/django/db/models/fields/files.py", line 317, in pre_save
    file.save(file.name, file.file, save=False)
  File "/home/tcioe/.local/lib/python3.10/site-packages/django/db/models/fields/files.py", line 92, in save
    name = self.field.generate_filename(self.instance, name)
  File "/home/tcioe/.local/lib/python3.10/site-packages/django/db/models/fields/files.py", line 337, in generate_filename
    return self.storage.generate_filename(filename)
  File "/home/tcioe/.local/lib/python3.10/site-packages/django/utils/functional.py", line 266, in inner
    self._setup()
  File "/home/tcioe/.local/lib/python3.10/site-packages/django/core/files/storage/__init__.py", line 38, in _setup
    self._wrapped = storages[DEFAULT_STORAGE_ALIAS]
  File "/home/tcioe/.local/lib/python3.10/site-packages/django/core/files/storage/handler.py", line 40, in __getitem__
    raise InvalidStorageError(
django.core.files.storage.handler.InvalidStorageError: Could not find config for 'default' in settings.STORAGES.
[22/Jun/2023 16:55:30] "POST /admin/notice/notice/add/ HTTP/1.1" 500 198627
[22/Jun/2023 16:56:24] "GET /admin/department/department/ HTTP/1.1" 200 10136
[22/Jun/2023 16:56:24] "GET /admin/jsi18n/ HTTP/1.1" 200 3343
/home/tcioe/tcioe-emis/tcioe/settings.py changed, reloading.
Watching for file changes with StatReloader
Performing system checks...

System check identified no issues (0 silenced).
June 22, 2023 - 16:57:08
Django version 4.2.2, using settings 'tcioe.settings'
Starting development server at http://0.0.0.0:8000/
Quit the server with CONTROL-C.

[22/Jun/2023 16:57:13] "GET /admin/department/department/ HTTP/1.1" 200 10136
[22/Jun/2023 16:57:13] "GET /admin/jsi18n/ HTTP/1.1" 200 3343
[22/Jun/2023 16:57:15] "GET /admin/department/department/ HTTP/1.1" 200 10136
[22/Jun/2023 16:57:15] "GET /admin/jsi18n/ HTTP/1.1" 200 3343
[22/Jun/2023 16:57:26] "GET /api/notice/types/ HTTP/1.1" 200 11251
[22/Jun/2023 16:57:26] "GET /static/rest_framework/css/bootstrap-tweaks.css HTTP/1.1" 200 3385
[22/Jun/2023 16:57:26] "GET /static/rest_framework/css/prettify.css HTTP/1.1" 200 817
[22/Jun/2023 16:57:26] "GET /static/rest_framework/js/ajax-form.js HTTP/1.1" 200 3597
[22/Jun/2023 16:57:26] "GET /static/rest_framework/css/default.css HTTP/1.1" 200 1152
[22/Jun/2023 16:57:26] "GET /static/rest_framework/css/bootstrap.min.css HTTP/1.1" 200 121457
[22/Jun/2023 16:57:26] "GET /static/rest_framework/js/csrf.js HTTP/1.1" 200 1719
[22/Jun/2023 16:57:26] "GET /static/rest_framework/js/prettify-min.js HTTP/1.1" 200 13632
[22/Jun/2023 16:57:26] "GET /static/rest_framework/js/default.js HTTP/1.1" 200 1268
[22/Jun/2023 16:57:26] "GET /static/rest_framework/js/bootstrap.min.js HTTP/1.1" 200 39680
[22/Jun/2023 16:57:26] "GET /static/rest_framework/js/jquery-3.5.1.min.js HTTP/1.1" 200 89476
[22/Jun/2023 16:57:26] "GET /static/rest_framework/img/grid.png HTTP/1.1" 200 1458
[22/Jun/2023 16:57:30] "GET /api/notice HTTP/1.1" 301 0
[22/Jun/2023 16:57:31] "GET /api/notice/ HTTP/1.1" 200 5813
[22/Jun/2023 16:57:34] "POST /admin/notice/notice/add/ HTTP/1.1" 302 0
[22/Jun/2023 16:57:35] "GET /admin/notice/notice/ HTTP/1.1" 200 11581
[22/Jun/2023 16:57:35] "GET /static/admin/css/nav_sidebar.css HTTP/1.1" 304 0
[22/Jun/2023 16:57:35] "GET /static/admin/css/changelists.css HTTP/1.1" 304 0
[22/Jun/2023 16:57:35] "GET /static/admin/js/nav_sidebar.js HTTP/1.1" 304 0
[22/Jun/2023 16:57:35] "GET /admin/jsi18n/ HTTP/1.1" 200 3343
[22/Jun/2023 16:57:35] "GET /static/admin/js/filters.js HTTP/1.1" 304 0
[22/Jun/2023 16:57:35] "GET /static/admin/img/icon-yes.svg HTTP/1.1" 200 436
[22/Jun/2023 16:57:35] "GET /static/admin/img/tooltag-add.svg HTTP/1.1" 304 0
[22/Jun/2023 16:57:35] "GET /admin/ HTTP/1.1" 200 12895
[22/Jun/2023 16:57:35] "GET /static/admin/css/base.css HTTP/1.1" 200 21207
[22/Jun/2023 16:57:35] "GET /static/admin/css/dark_mode.css HTTP/1.1" 200 2929
[22/Jun/2023 16:57:35] "GET /static/admin/js/theme.js HTTP/1.1" 200 1943
[22/Jun/2023 16:57:35] "GET /static/admin/css/nav_sidebar.css HTTP/1.1" 200 2694
[22/Jun/2023 16:57:35] "GET /static/admin/js/nav_sidebar.js HTTP/1.1" 200 3063
[22/Jun/2023 16:57:36] "GET /static/admin/css/dashboard.css HTTP/1.1" 200 441
[22/Jun/2023 16:57:36] "GET /static/admin/css/responsive.css HTTP/1.1" 200 18533
[22/Jun/2023 16:57:36] "GET /static/admin/img/icon-addlink.svg HTTP/1.1" 200 331
[22/Jun/2023 16:57:36] "GET /static/admin/img/icon-changelink.svg HTTP/1.1" 200 380
[22/Jun/2023 16:57:36] "GET /static/admin/img/icon-deletelink.svg HTTP/1.1" 200 392
[22/Jun/2023 16:57:38] "GET /admin/notice/notice/ HTTP/1.1" 200 11328
[22/Jun/2023 16:57:38] "GET /admin/jsi18n/ HTTP/1.1" 200 3343
[22/Jun/2023 16:57:38] "GET /admin/notice/notice/ HTTP/1.1" 200 11328
[22/Jun/2023 16:57:39] "GET /admin/jsi18n/ HTTP/1.1" 200 3343
[22/Jun/2023 16:57:39] "GET /admin/notice/notice/ HTTP/1.1" 200 11328
[22/Jun/2023 16:57:39] "GET /admin/jsi18n/ HTTP/1.1" 200 3343
[22/Jun/2023 16:57:40] "GET /admin/notice/notice/ HTTP/1.1" 200 11328
[22/Jun/2023 16:57:40] "GET /static/admin/css/changelists.css HTTP/1.1" 200 6584
[22/Jun/2023 16:57:40] "GET /static/admin/js/jquery.init.js HTTP/1.1" 200 347
[22/Jun/2023 16:57:40] "GET /static/admin/js/core.js HTTP/1.1" 200 5682
[22/Jun/2023 16:57:40] "GET /static/admin/js/admin/RelatedObjectLookups.js HTTP/1.1" 200 8943
[22/Jun/2023 16:57:40] "GET /admin/jsi18n/ HTTP/1.1" 200 3343
[22/Jun/2023 16:57:40] "GET /static/admin/js/actions.js HTTP/1.1" 200 7872
[22/Jun/2023 16:57:40] "GET /static/admin/js/urlify.js HTTP/1.1" 200 7887
[22/Jun/2023 16:57:40] "GET /static/admin/js/prepopulate.js HTTP/1.1" 200 1531
[22/Jun/2023 16:57:40] "GET /static/admin/js/filters.js HTTP/1.1" 200 978
[22/Jun/2023 16:57:41] "GET /static/admin/js/vendor/xregexp/xregexp.js HTTP/1.1" 200 232381
[22/Jun/2023 16:57:41] "GET /static/admin/js/vendor/jquery/jquery.js HTTP/1.1" 200 292458
[22/Jun/2023 16:57:41] "GET /static/admin/img/tooltag-add.svg HTTP/1.1" 200 331
[22/Jun/2023 16:57:43] "GET /admin/notice/notice/aea33915-264e-451d-90d8-8c837ac8c350/change/ HTTP/1.1" 200 19725
[22/Jun/2023 16:57:43] "GET /static/admin/css/forms.css HTTP/1.1" 200 8953
[22/Jun/2023 16:57:43] "GET /admin/jsi18n/ HTTP/1.1" 200 3343
[22/Jun/2023 16:57:43] "GET /static/admin/js/prepopulate_init.js HTTP/1.1" 200 586
[22/Jun/2023 16:57:43] "GET /static/admin/js/change_form.js HTTP/1.1" 200 606
[22/Jun/2023 16:57:43] "GET /static/admin/css/widgets.css HTTP/1.1" 200 11900
[22/Jun/2023 16:57:43] "GET /static/admin/img/icon-viewlink.svg HTTP/1.1" 200 581
[22/Jun/2023 16:57:57] "GET /admin/notice/notice/add/ HTTP/1.1" 200 18934
[22/Jun/2023 16:57:57] "GET /admin/jsi18n/ HTTP/1.1" 200 3343
[22/Jun/2023 16:57:59] "GET /admin/ HTTP/1.1" 200 12895
[22/Jun/2023 16:58:00] "GET /static/admin/css/dashboard.css HTTP/1.1" 304 0
[22/Jun/2023 16:58:00] "GET /static/admin/img/icon-deletelink.svg HTTP/1.1" 200 392
[22/Jun/2023 16:58:01] "GET /admin/notice/notice/ HTTP/1.1" 200 11328
[22/Jun/2023 16:58:02] "GET /admin/jsi18n/ HTTP/1.1" 200 3343
[22/Jun/2023 16:58:32] "GET /admin/notice/notice/add/ HTTP/1.1" 200 18934
[22/Jun/2023 16:58:33] "GET /admin/jsi18n/ HTTP/1.1" 200 3343
